INFO 2025-12-06 20:27:57 db_utils.py:102 [1m[34mLogs will be synced with wandb.[0m
INFO 2025-12-06 20:27:57 db_utils.py:103 Track this run --> [1m[33mhttps://wandb.ai/mohamedkarimziadi-hugging-face/lerobot/runs/ff813l3r[0m
INFO 2025-12-06 20:27:57 ot_train.py:183 Creating dataset
INFO 2025-12-06 20:27:57 ot_train.py:202 Creating policy
INFO 2025-12-06 20:27:58 ot_train.py:247 Creating optimizer and scheduler
INFO 2025-12-06 20:27:58 ot_train.py:259 [1m[33mOutput dir:[0m outputs/train/act_mobile_arm_suction_01
INFO 2025-12-06 20:27:58 ot_train.py:262 cfg.steps=100000 (100K)
INFO 2025-12-06 20:27:58 ot_train.py:263 dataset.num_frames=18581 (19K)
INFO 2025-12-06 20:27:58 ot_train.py:264 dataset.num_episodes=35
INFO 2025-12-06 20:27:58 ot_train.py:267 Effective batch size: 8 x 1 = 8
INFO 2025-12-06 20:27:58 ot_train.py:268 num_learnable_params=51603337 (52M)
INFO 2025-12-06 20:27:58 ot_train.py:269 num_total_params=51603337 (52M)
INFO 2025-12-06 20:27:58 ot_train.py:324 Start offline training on a fixed dataset
INFO 2025-12-06 20:28:32 ot_train.py:351 step:200 smpl:2K ep:3 epch:0.09 loss:6.724 grdn:155.676 lr:1.0e-05 updt_s:0.164 data_s:0.006
INFO 2025-12-06 20:28:45 ot_train.py:351 step:400 smpl:3K ep:6 epch:0.17 loss:2.940 grdn:85.374 lr:1.0e-05 updt_s:0.062 data_s:0.002
INFO 2025-12-06 20:28:58 ot_train.py:351 step:600 smpl:5K ep:9 epch:0.26 loss:2.458 grdn:74.191 lr:1.0e-05 updt_s:0.062 data_s:0.002
INFO 2025-12-06 20:29:11 ot_train.py:351 step:800 smpl:6K ep:12 epch:0.34 loss:2.172 grdn:68.618 lr:1.0e-05 updt_s:0.062 data_s:0.002
INFO 2025-12-06 20:29:23 ot_train.py:351 step:1K smpl:8K ep:15 epch:0.43 loss:1.949 grdn:63.446 lr:1.0e-05 updt_s:0.061 data_s:0.002
INFO 2025-12-06 20:29:36 ot_train.py:351 step:1K smpl:10K ep:18 epch:0.52 loss:1.773 grdn:61.414 lr:1.0e-05 updt_s:0.061 data_s:0.002
INFO 2025-12-06 20:29:49 ot_train.py:351 step:1K smpl:11K ep:21 epch:0.60 loss:1.630 grdn:59.398 lr:1.0e-05 updt_s:0.061 data_s:0.002
INFO 2025-12-06 20:30:02 ot_train.py:351 step:2K smpl:13K ep:24 epch:0.69 loss:1.488 grdn:54.926 lr:1.0e-05 updt_s:0.062 data_s:0.002
INFO 2025-12-06 20:30:14 ot_train.py:351 step:2K smpl:14K ep:27 epch:0.77 loss:1.353 grdn:53.967 lr:1.0e-05 updt_s:0.061 data_s:0.002
INFO 2025-12-06 20:30:27 ot_train.py:351 step:2K smpl:16K ep:30 epch:0.86 loss:1.213 grdn:50.038 lr:1.0e-05 updt_s:0.062 data_s:0.002
INFO 2025-12-06 20:30:40 ot_train.py:351 step:2K smpl:18K ep:33 epch:0.95 loss:1.104 grdn:47.863 lr:1.0e-05 updt_s:0.061 data_s:0.002
INFO 2025-12-06 20:31:03 ot_train.py:351 step:2K smpl:19K ep:36 epch:1.03 loss:0.996 grdn:45.393 lr:1.0e-05 updt_s:0.101 data_s:0.012
INFO 2025-12-06 20:31:16 ot_train.py:351 step:3K smpl:21K ep:39 epch:1.12 loss:0.899 grdn:42.540 lr:1.0e-05 updt_s:0.062 data_s:0.002
INFO 2025-12-06 20:31:28 ot_train.py:351 step:3K smpl:22K ep:42 epch:1.21 loss:0.820 grdn:40.764 lr:1.0e-05 updt_s:0.061 data_s:0.002
INFO 2025-12-06 20:31:41 ot_train.py:351 step:3K smpl:24K ep:45 epch:1.29 loss:0.739 grdn:38.650 lr:1.0e-05 updt_s:0.061 data_s:0.002
INFO 2025-12-06 20:31:54 ot_train.py:351 step:3K smpl:26K ep:48 epch:1.38 loss:0.665 grdn:36.767 lr:1.0e-05 updt_s:0.062 data_s:0.002
INFO 2025-12-06 20:32:07 ot_train.py:351 step:3K smpl:27K ep:51 epch:1.46 loss:0.614 grdn:34.333 lr:1.0e-05 updt_s:0.061 data_s:0.002
INFO 2025-12-06 20:32:20 ot_train.py:351 step:4K smpl:29K ep:54 epch:1.55 loss:0.552 grdn:32.631 lr:1.0e-05 updt_s:0.062 data_s:0.002
INFO 2025-12-06 20:32:32 ot_train.py:351 step:4K smpl:30K ep:57 epch:1.64 loss:0.507 grdn:31.637 lr:1.0e-05 updt_s:0.061 data_s:0.002
INFO 2025-12-06 20:32:45 ot_train.py:351 step:4K smpl:32K ep:60 epch:1.72 loss:0.467 grdn:29.779 lr:1.0e-05 updt_s:0.061 data_s:0.002
INFO 2025-12-06 20:32:58 ot_train.py:351 step:4K smpl:34K ep:63 epch:1.81 loss:0.433 grdn:28.450 lr:1.0e-05 updt_s:0.061 data_s:0.002
INFO 2025-12-06 20:33:11 ot_train.py:351 step:4K smpl:35K ep:66 epch:1.89 loss:0.397 grdn:27.120 lr:1.0e-05 updt_s:0.062 data_s:0.002
INFO 2025-12-06 20:33:23 ot_train.py:351 step:5K smpl:37K ep:69 epch:1.98 loss:0.371 grdn:25.675 lr:1.0e-05 updt_s:0.061 data_s:0.002
INFO 2025-12-06 20:33:39 ot_train.py:351 step:5K smpl:38K ep:72 epch:2.07 loss:0.345 grdn:24.690 lr:1.0e-05 updt_s:0.062 data_s:0.015
INFO 2025-12-06 20:33:52 ot_train.py:351 step:5K smpl:40K ep:75 epch:2.15 loss:0.321 grdn:23.673 lr:1.0e-05 updt_s:0.061 data_s:0.002
INFO 2025-12-06 20:34:05 ot_train.py:351 step:5K smpl:42K ep:78 epch:2.24 loss:0.300 grdn:22.445 lr:1.0e-05 updt_s:0.062 data_s:0.002
INFO 2025-12-06 20:34:17 ot_train.py:351 step:5K smpl:43K ep:81 epch:2.32 loss:0.291 grdn:21.797 lr:1.0e-05 updt_s:0.061 data_s:0.002
INFO 2025-12-06 20:34:30 ot_train.py:351 step:6K smpl:45K ep:84 epch:2.41 loss:0.274 grdn:21.075 lr:1.0e-05 updt_s:0.061 data_s:0.002
INFO 2025-12-06 20:34:43 ot_train.py:351 step:6K smpl:46K ep:87 epch:2.50 loss:0.260 grdn:20.736 lr:1.0e-05 updt_s:0.061 data_s:0.002
INFO 2025-12-06 20:34:56 ot_train.py:351 step:6K smpl:48K ep:90 epch:2.58 loss:0.249 grdn:19.662 lr:1.0e-05 updt_s:0.062 data_s:0.002
INFO 2025-12-06 20:35:08 ot_train.py:351 step:6K smpl:50K ep:93 epch:2.67 loss:0.241 grdn:19.228 lr:1.0e-05 updt_s:0.061 data_s:0.002
INFO 2025-12-06 20:35:21 ot_train.py:351 step:6K smpl:51K ep:96 epch:2.76 loss:0.230 grdn:18.740 lr:1.0e-05 updt_s:0.062 data_s:0.002
INFO 2025-12-06 20:35:34 ot_train.py:351 step:7K smpl:53K ep:99 epch:2.84 loss:0.224 grdn:18.884 lr:1.0e-05 updt_s:0.061 data_s:0.002
INFO 2025-12-06 20:35:47 ot_train.py:351 step:7K smpl:54K ep:102 epch:2.93 loss:0.217 grdn:18.024 lr:1.0e-05 updt_s:0.062 data_s:0.002
INFO 2025-12-06 20:36:02 ot_train.py:351 step:7K smpl:56K ep:105 epch:3.01 loss:0.211 grdn:17.369 lr:1.0e-05 updt_s:0.061 data_s:0.014
INFO 2025-12-06 20:36:15 ot_train.py:351 step:7K smpl:58K ep:108 epch:3.10 loss:0.201 grdn:16.873 lr:1.0e-05 updt_s:0.061 data_s:0.002
INFO 2025-12-06 20:36:28 ot_train.py:351 step:7K smpl:59K ep:112 epch:3.19 loss:0.196 grdn:16.404 lr:1.0e-05 updt_s:0.062 data_s:0.002
INFO 2025-12-06 20:36:40 ot_train.py:351 step:8K smpl:61K ep:115 epch:3.27 loss:0.189 grdn:16.041 lr:1.0e-05 updt_s:0.061 data_s:0.002
INFO 2025-12-06 20:36:53 ot_train.py:351 step:8K smpl:62K ep:118 epch:3.36 loss:0.184 grdn:16.021 lr:1.0e-05 updt_s:0.061 data_s:0.002
INFO 2025-12-06 20:37:06 ot_train.py:351 step:8K smpl:64K ep:121 epch:3.44 loss:0.184 grdn:15.750 lr:1.0e-05 updt_s:0.061 data_s:0.002
INFO 2025-12-06 20:37:19 ot_train.py:351 step:8K smpl:66K ep:124 epch:3.53 loss:0.179 grdn:15.307 lr:1.0e-05 updt_s:0.062 data_s:0.002
INFO 2025-12-06 20:37:31 ot_train.py:351 step:8K smpl:67K ep:127 epch:3.62 loss:0.174 grdn:15.040 lr:1.0e-05 updt_s:0.061 data_s:0.002
INFO 2025-12-06 20:37:44 ot_train.py:351 step:9K smpl:69K ep:130 epch:3.70 loss:0.169 grdn:14.516 lr:1.0e-05 updt_s:0.061 data_s:0.002
INFO 2025-12-06 20:37:57 ot_train.py:351 step:9K smpl:70K ep:133 epch:3.79 loss:0.165 grdn:14.274 lr:1.0e-05 updt_s:0.062 data_s:0.002
INFO 2025-12-06 20:38:10 ot_train.py:351 step:9K smpl:72K ep:136 epch:3.87 loss:0.162 grdn:13.988 lr:1.0e-05 updt_s:0.061 data_s:0.002
INFO 2025-12-06 20:38:22 ot_train.py:351 step:9K smpl:74K ep:139 epch:3.96 loss:0.159 grdn:14.190 lr:1.0e-05 updt_s:0.061 data_s:0.002
INFO 2025-12-06 20:38:38 ot_train.py:351 step:9K smpl:75K ep:142 epch:4.05 loss:0.155 grdn:13.532 lr:1.0e-05 updt_s:0.061 data_s:0.015
INFO 2025-12-06 20:38:51 ot_train.py:351 step:10K smpl:77K ep:145 epch:4.13 loss:0.154 grdn:13.323 lr:1.0e-05 updt_s:0.062 data_s:0.002
INFO 2025-12-06 20:39:03 ot_train.py:351 step:10K smpl:78K ep:148 epch:4.22 loss:0.149 grdn:13.083 lr:1.0e-05 updt_s:0.061 data_s:0.002
INFO 2025-12-06 20:39:16 ot_train.py:351 step:10K smpl:80K ep:151 epch:4.31 loss:0.149 grdn:12.899 lr:1.0e-05 updt_s:0.062 data_s:0.002
INFO 2025-12-06 20:39:29 ot_train.py:351 step:10K smpl:82K ep:154 epch:4.39 loss:0.146 grdn:12.680 lr:1.0e-05 updt_s:0.061 data_s:0.002
INFO 2025-12-06 20:39:42 ot_train.py:351 step:10K smpl:83K ep:157 epch:4.48 loss:0.141 grdn:12.552 lr:1.0e-05 updt_s:0.061 data_s:0.002
INFO 2025-12-06 20:39:55 ot_train.py:351 step:11K smpl:85K ep:160 epch:4.56 loss:0.142 grdn:12.487 lr:1.0e-05 updt_s:0.062 data_s:0.002
INFO 2025-12-06 20:40:07 ot_train.py:351 step:11K smpl:86K ep:163 epch:4.65 loss:0.136 grdn:12.112 lr:1.0e-05 updt_s:0.061 data_s:0.002
INFO 2025-12-06 20:40:20 ot_train.py:351 step:11K smpl:88K ep:166 epch:4.74 loss:0.133 grdn:11.817 lr:1.0e-05 updt_s:0.061 data_s:0.002
INFO 2025-12-06 20:40:33 ot_train.py:351 step:11K smpl:90K ep:169 epch:4.82 loss:0.134 grdn:11.807 lr:1.0e-05 updt_s:0.061 data_s:0.002
INFO 2025-12-06 20:40:46 ot_train.py:351 step:11K smpl:91K ep:172 epch:4.91 loss:0.132 grdn:11.644 lr:1.0e-05 updt_s:0.062 data_s:0.002
INFO 2025-12-06 20:40:58 ot_train.py:351 step:12K smpl:93K ep:175 epch:4.99 loss:0.129 grdn:11.538 lr:1.0e-05 updt_s:0.061 data_s:0.002
INFO 2025-12-06 20:41:14 ot_train.py:351 step:12K smpl:94K ep:178 epch:5.08 loss:0.127 grdn:11.203 lr:1.0e-05 updt_s:0.061 data_s:0.014
INFO 2025-12-06 20:41:26 ot_train.py:351 step:12K smpl:96K ep:181 epch:5.17 loss:0.124 grdn:11.120 lr:1.0e-05 updt_s:0.062 data_s:0.002
INFO 2025-12-06 20:41:39 ot_train.py:351 step:12K smpl:98K ep:184 epch:5.25 loss:0.123 grdn:10.617 lr:1.0e-05 updt_s:0.061 data_s:0.002
INFO 2025-12-06 20:41:52 ot_train.py:351 step:12K smpl:99K ep:187 epch:5.34 loss:0.124 grdn:11.032 lr:1.0e-05 updt_s:0.062 data_s:0.002
INFO 2025-12-06 20:42:05 ot_train.py:351 step:13K smpl:101K ep:190 epch:5.42 loss:0.122 grdn:10.935 lr:1.0e-05 updt_s:0.061 data_s:0.002
INFO 2025-12-06 20:42:17 ot_train.py:351 step:13K smpl:102K ep:193 epch:5.51 loss:0.120 grdn:10.608 lr:1.0e-05 updt_s:0.061 data_s:0.002
INFO 2025-12-06 20:42:30 ot_train.py:351 step:13K smpl:104K ep:196 epch:5.60 loss:0.118 grdn:10.353 lr:1.0e-05 updt_s:0.061 data_s:0.002
INFO 2025-12-06 20:42:43 ot_train.py:351 step:13K smpl:106K ep:199 epch:5.68 loss:0.118 grdn:10.384 lr:1.0e-05 updt_s:0.062 data_s:0.002
INFO 2025-12-06 20:42:56 ot_train.py:351 step:13K smpl:107K ep:202 epch:5.77 loss:0.116 grdn:10.291 lr:1.0e-05 updt_s:0.061 data_s:0.002
INFO 2025-12-06 20:43:09 ot_train.py:351 step:14K smpl:109K ep:205 epch:5.86 loss:0.117 grdn:10.274 lr:1.0e-05 updt_s:0.062 data_s:0.002
INFO 2025-12-06 20:43:21 ot_train.py:351 step:14K smpl:110K ep:208 epch:5.94 loss:0.112 grdn:9.661 lr:1.0e-05 updt_s:0.061 data_s:0.002
INFO 2025-12-06 20:43:36 ot_train.py:351 step:14K smpl:112K ep:211 epch:6.03 loss:0.113 grdn:9.902 lr:1.0e-05 updt_s:0.061 data_s:0.014
INFO 2025-12-06 20:43:49 ot_train.py:351 step:14K smpl:114K ep:214 epch:6.11 loss:0.110 grdn:9.682 lr:1.0e-05 updt_s:0.062 data_s:0.002
INFO 2025-12-06 20:44:02 ot_train.py:351 step:14K smpl:115K ep:217 epch:6.20 loss:0.109 grdn:9.472 lr:1.0e-05 updt_s:0.061 data_s:0.002
INFO 2025-12-06 20:44:15 ot_train.py:351 step:15K smpl:117K ep:220 epch:6.29 loss:0.107 grdn:9.230 lr:1.0e-05 updt_s:0.061 data_s:0.002
INFO 2025-12-06 20:44:28 ot_train.py:351 step:15K smpl:118K ep:223 epch:6.37 loss:0.107 grdn:9.304 lr:1.0e-05 updt_s:0.062 data_s:0.002
INFO 2025-12-06 20:44:41 ot_train.py:351 step:15K smpl:120K ep:226 epch:6.46 loss:0.106 grdn:9.097 lr:1.0e-05 updt_s:0.061 data_s:0.002
INFO 2025-12-06 20:44:54 ot_train.py:351 step:15K smpl:122K ep:229 epch:6.54 loss:0.106 grdn:8.912 lr:1.0e-05 updt_s:0.062 data_s:0.002
INFO 2025-12-06 20:45:06 ot_train.py:351 step:15K smpl:123K ep:232 epch:6.63 loss:0.103 grdn:9.149 lr:1.0e-05 updt_s:0.061 data_s:0.002
INFO 2025-12-06 20:45:19 ot_train.py:351 step:16K smpl:125K ep:235 epch:6.72 loss:0.102 grdn:8.864 lr:1.0e-05 updt_s:0.061 data_s:0.002
INFO 2025-12-06 20:45:32 ot_train.py:351 step:16K smpl:126K ep:238 epch:6.80 loss:0.102 grdn:8.732 lr:1.0e-05 updt_s:0.061 data_s:0.002
INFO 2025-12-06 20:45:45 ot_train.py:351 step:16K smpl:128K ep:241 epch:6.89 loss:0.100 grdn:8.590 lr:1.0e-05 updt_s:0.062 data_s:0.002
INFO 2025-12-06 20:45:58 ot_train.py:351 step:16K smpl:130K ep:244 epch:6.97 loss:0.099 grdn:8.500 lr:1.0e-05 updt_s:0.061 data_s:0.002
INFO 2025-12-06 20:46:13 ot_train.py:351 step:16K smpl:131K ep:247 epch:7.06 loss:0.099 grdn:8.666 lr:1.0e-05 updt_s:0.061 data_s:0.015
INFO 2025-12-06 20:46:26 ot_train.py:351 step:17K smpl:133K ep:250 epch:7.15 loss:0.097 grdn:8.502 lr:1.0e-05 updt_s:0.062 data_s:0.002
INFO 2025-12-06 20:46:38 ot_train.py:351 step:17K smpl:134K ep:253 epch:7.23 loss:0.099 grdn:8.465 lr:1.0e-05 updt_s:0.061 data_s:0.002
INFO 2025-12-06 20:46:51 ot_train.py:351 step:17K smpl:136K ep:256 epch:7.32 loss:0.096 grdn:8.307 lr:1.0e-05 updt_s:0.061 data_s:0.002
INFO 2025-12-06 20:47:04 ot_train.py:351 step:17K smpl:138K ep:259 epch:7.41 loss:0.095 grdn:8.169 lr:1.0e-05 updt_s:0.062 data_s:0.002
INFO 2025-12-06 20:47:17 ot_train.py:351 step:17K smpl:139K ep:262 epch:7.49 loss:0.096 grdn:8.124 lr:1.0e-05 updt_s:0.061 data_s:0.002
INFO 2025-12-06 20:47:29 ot_train.py:351 step:18K smpl:141K ep:265 epch:7.58 loss:0.094 grdn:8.138 lr:1.0e-05 updt_s:0.061 data_s:0.002
INFO 2025-12-06 20:47:42 ot_train.py:351 step:18K smpl:142K ep:268 epch:7.66 loss:0.093 grdn:7.640 lr:1.0e-05 updt_s:0.061 data_s:0.002
INFO 2025-12-06 20:47:55 ot_train.py:351 step:18K smpl:144K ep:271 epch:7.75 loss:0.093 grdn:7.787 lr:1.0e-05 updt_s:0.062 data_s:0.002
INFO 2025-12-06 20:48:08 ot_train.py:351 step:18K smpl:146K ep:274 epch:7.84 loss:0.093 grdn:7.585 lr:1.0e-05 updt_s:0.061 data_s:0.002
INFO 2025-12-06 20:48:21 ot_train.py:351 step:18K smpl:147K ep:277 epch:7.92 loss:0.092 grdn:7.561 lr:1.0e-05 updt_s:0.062 data_s:0.002
INFO 2025-12-06 20:48:36 ot_train.py:351 step:19K smpl:149K ep:280 epch:8.01 loss:0.092 grdn:7.834 lr:1.0e-05 updt_s:0.061 data_s:0.015
INFO 2025-12-06 20:48:49 ot_train.py:351 step:19K smpl:150K ep:283 epch:8.09 loss:0.091 grdn:7.806 lr:1.0e-05 updt_s:0.061 data_s:0.002
INFO 2025-12-06 20:49:02 ot_train.py:351 step:19K smpl:152K ep:286 epch:8.18 loss:0.090 grdn:7.550 lr:1.0e-05 updt_s:0.062 data_s:0.002
INFO 2025-12-06 20:49:14 ot_train.py:351 step:19K smpl:154K ep:289 epch:8.27 loss:0.088 grdn:7.259 lr:1.0e-05 updt_s:0.061 data_s:0.002
INFO 2025-12-06 20:49:27 ot_train.py:351 step:19K smpl:155K ep:292 epch:8.35 loss:0.088 grdn:7.424 lr:1.0e-05 updt_s:0.061 data_s:0.002
INFO 2025-12-06 20:49:40 ot_train.py:351 step:20K smpl:157K ep:295 epch:8.44 loss:0.088 grdn:7.394 lr:1.0e-05 updt_s:0.062 data_s:0.002
INFO 2025-12-06 20:49:53 ot_train.py:351 step:20K smpl:158K ep:298 epch:8.52 loss:0.087 grdn:7.354 lr:1.0e-05 updt_s:0.061 data_s:0.002
INFO 2025-12-06 20:50:06 ot_train.py:351 step:20K smpl:160K ep:301 epch:8.61 loss:0.087 grdn:7.176 lr:1.0e-05 updt_s:0.062 data_s:0.002
INFO 2025-12-06 20:50:06 ot_train.py:361 Checkpoint policy after step 20000
INFO 2025-12-06 20:50:20 ot_train.py:351 step:20K smpl:162K ep:304 epch:8.70 loss:0.087 grdn:7.234 lr:1.0e-05 updt_s:0.061 data_s:0.002
INFO 2025-12-06 20:50:32 ot_train.py:351 step:20K smpl:163K ep:307 epch:8.78 loss:0.086 grdn:6.907 lr:1.0e-05 updt_s:0.061 data_s:0.002
INFO 2025-12-06 20:50:45 ot_train.py:351 step:21K smpl:165K ep:310 epch:8.87 loss:0.086 grdn:7.041 lr:1.0e-05 updt_s:0.061 data_s:0.002
INFO 2025-12-06 20:50:58 ot_train.py:351 step:21K smpl:166K ep:313 epch:8.96 loss:0.084 grdn:7.011 lr:1.0e-05 updt_s:0.062 data_s:0.002
INFO 2025-12-06 20:51:13 ot_train.py:351 step:21K smpl:168K ep:316 epch:9.04 loss:0.084 grdn:6.990 lr:1.0e-05 updt_s:0.061 data_s:0.015
INFO 2025-12-06 20:51:26 ot_train.py:351 step:21K smpl:170K ep:319 epch:9.13 loss:0.083 grdn:7.062 lr:1.0e-05 updt_s:0.062 data_s:0.002
INFO 2025-12-06 20:51:39 ot_train.py:351 step:21K smpl:171K ep:322 epch:9.21 loss:0.084 grdn:7.026 lr:1.0e-05 updt_s:0.061 data_s:0.002
INFO 2025-12-06 20:51:51 ot_train.py:351 step:22K smpl:173K ep:325 epch:9.30 loss:0.082 grdn:6.642 lr:1.0e-05 updt_s:0.061 data_s:0.002
INFO 2025-12-06 20:52:04 ot_train.py:351 step:22K smpl:174K ep:329 epch:9.39 loss:0.081 grdn:6.448 lr:1.0e-05 updt_s:0.061 data_s:0.002
INFO 2025-12-06 20:52:17 ot_train.py:351 step:22K smpl:176K ep:332 epch:9.47 loss:0.081 grdn:6.936 lr:1.0e-05 updt_s:0.061 data_s:0.002
INFO 2025-12-06 20:52:30 ot_train.py:351 step:22K smpl:178K ep:335 epch:9.56 loss:0.081 grdn:6.498 lr:1.0e-05 updt_s:0.061 data_s:0.002
INFO 2025-12-06 20:52:42 ot_train.py:351 step:22K smpl:179K ep:338 epch:9.64 loss:0.081 grdn:6.674 lr:1.0e-05 updt_s:0.061 data_s:0.002
INFO 2025-12-06 20:52:55 ot_train.py:351 step:23K smpl:181K ep:341 epch:9.73 loss:0.082 grdn:6.628 lr:1.0e-05 updt_s:0.062 data_s:0.002
INFO 2025-12-06 20:53:08 ot_train.py:351 step:23K smpl:182K ep:344 epch:9.82 loss:0.080 grdn:6.718 lr:1.0e-05 updt_s:0.061 data_s:0.002
INFO 2025-12-06 20:53:20 ot_train.py:351 step:23K smpl:184K ep:347 epch:9.90 loss:0.083 grdn:6.785 lr:1.0e-05 updt_s:0.061 data_s:0.002
INFO 2025-12-06 20:53:33 ot_train.py:351 step:23K smpl:186K ep:350 epch:9.99 loss:0.082 grdn:6.743 lr:1.0e-05 updt_s:0.062 data_s:0.002
INFO 2025-12-06 20:53:49 ot_train.py:351 step:23K smpl:187K ep:353 epch:10.07 loss:0.079 grdn:6.356 lr:1.0e-05 updt_s:0.061 data_s:0.015
INFO 2025-12-06 20:54:01 ot_train.py:351 step:24K smpl:189K ep:356 epch:10.16 loss:0.078 grdn:6.530 lr:1.0e-05 updt_s:0.061 data_s:0.002
INFO 2025-12-06 20:54:14 ot_train.py:351 step:24K smpl:190K ep:359 epch:10.25 loss:0.078 grdn:6.383 lr:1.0e-05 updt_s:0.061 data_s:0.002
INFO 2025-12-06 20:54:27 ot_train.py:351 step:24K smpl:192K ep:362 epch:10.33 loss:0.076 grdn:6.331 lr:1.0e-05 updt_s:0.062 data_s:0.002
INFO 2025-12-06 20:54:40 ot_train.py:351 step:24K smpl:194K ep:365 epch:10.42 loss:0.078 grdn:6.204 lr:1.0e-05 updt_s:0.061 data_s:0.002
INFO 2025-12-06 20:54:53 ot_train.py:351 step:24K smpl:195K ep:368 epch:10.51 loss:0.076 grdn:6.167 lr:1.0e-05 updt_s:0.062 data_s:0.002
INFO 2025-12-06 20:55:06 ot_train.py:351 step:25K smpl:197K ep:371 epch:10.59 loss:0.077 grdn:6.281 lr:1.0e-05 updt_s:0.061 data_s:0.002
INFO 2025-12-06 20:55:18 ot_train.py:351 step:25K smpl:198K ep:374 epch:10.68 loss:0.077 grdn:6.144 lr:1.0e-05 updt_s:0.062 data_s:0.002
INFO 2025-12-06 20:55:31 ot_train.py:351 step:25K smpl:200K ep:377 epch:10.76 loss:0.077 grdn:6.022 lr:1.0e-05 updt_s:0.061 data_s:0.002
INFO 2025-12-06 20:55:44 ot_train.py:351 step:25K smpl:202K ep:380 epch:10.85 loss:0.076 grdn:5.987 lr:1.0e-05 updt_s:0.061 data_s:0.002
INFO 2025-12-06 20:55:57 ot_train.py:351 step:25K smpl:203K ep:383 epch:10.94 loss:0.075 grdn:6.149 lr:1.0e-05 updt_s:0.062 data_s:0.002
INFO 2025-12-06 20:56:11 ot_train.py:351 step:26K smpl:205K ep:386 epch:11.02 loss:0.074 grdn:5.984 lr:1.0e-05 updt_s:0.061 data_s:0.013
INFO 2025-12-06 20:56:24 ot_train.py:351 step:26K smpl:206K ep:389 epch:11.11 loss:0.073 grdn:6.103 lr:1.0e-05 updt_s:0.062 data_s:0.002
INFO 2025-12-06 20:56:37 ot_train.py:351 step:26K smpl:208K ep:392 epch:11.19 loss:0.074 grdn:6.151 lr:1.0e-05 updt_s:0.061 data_s:0.002
INFO 2025-12-06 20:56:50 ot_train.py:351 step:26K smpl:210K ep:395 epch:11.28 loss:0.074 grdn:6.119 lr:1.0e-05 updt_s:0.061 data_s:0.002
INFO 2025-12-06 20:57:03 ot_train.py:351 step:26K smpl:211K ep:398 epch:11.37 loss:0.073 grdn:6.017 lr:1.0e-05 updt_s:0.061 data_s:0.002
INFO 2025-12-06 20:57:16 ot_train.py:351 step:27K smpl:213K ep:401 epch:11.45 loss:0.074 grdn:5.671 lr:1.0e-05 updt_s:0.062 data_s:0.002
INFO 2025-12-06 20:57:28 ot_train.py:351 step:27K smpl:214K ep:404 epch:11.54 loss:0.073 grdn:5.937 lr:1.0e-05 updt_s:0.061 data_s:0.002
INFO 2025-12-06 20:57:41 ot_train.py:351 step:27K smpl:216K ep:407 epch:11.62 loss:0.074 grdn:5.953 lr:1.0e-05 updt_s:0.061 data_s:0.002
INFO 2025-12-06 20:57:54 ot_train.py:351 step:27K smpl:218K ep:410 epch:11.71 loss:0.073 grdn:5.898 lr:1.0e-05 updt_s:0.061 data_s:0.002
INFO 2025-12-06 20:58:07 ot_train.py:351 step:27K smpl:219K ep:413 epch:11.80 loss:0.072 grdn:5.566 lr:1.0e-05 updt_s:0.062 data_s:0.002
INFO 2025-12-06 20:58:19 ot_train.py:351 step:28K smpl:221K ep:416 epch:11.88 loss:0.072 grdn:5.746 lr:1.0e-05 updt_s:0.061 data_s:0.002
INFO 2025-12-06 20:58:32 ot_train.py:351 step:28K smpl:222K ep:419 epch:11.97 loss:0.073 grdn:5.984 lr:1.0e-05 updt_s:0.061 data_s:0.002
INFO 2025-12-06 20:58:47 ot_train.py:351 step:28K smpl:224K ep:422 epch:12.06 loss:0.071 grdn:5.726 lr:1.0e-05 updt_s:0.062 data_s:0.015
INFO 2025-12-06 20:59:00 ot_train.py:351 step:28K smpl:226K ep:425 epch:12.14 loss:0.071 grdn:5.728 lr:1.0e-05 updt_s:0.061 data_s:0.002
INFO 2025-12-06 20:59:13 ot_train.py:351 step:28K smpl:227K ep:428 epch:12.23 loss:0.070 grdn:5.522 lr:1.0e-05 updt_s:0.061 data_s:0.002
INFO 2025-12-06 20:59:25 ot_train.py:351 step:29K smpl:229K ep:431 epch:12.31 loss:0.070 grdn:5.370 lr:1.0e-05 updt_s:0.061 data_s:0.002
INFO 2025-12-06 20:59:38 ot_train.py:351 step:29K smpl:230K ep:434 epch:12.40 loss:0.069 grdn:5.578 lr:1.0e-05 updt_s:0.062 data_s:0.002
INFO 2025-12-06 20:59:51 ot_train.py:351 step:29K smpl:232K ep:437 epch:12.49 loss:0.069 grdn:5.429 lr:1.0e-05 updt_s:0.061 data_s:0.002
INFO 2025-12-06 21:00:04 ot_train.py:351 step:29K smpl:234K ep:440 epch:12.57 loss:0.069 grdn:5.336 lr:1.0e-05 updt_s:0.061 data_s:0.002
INFO 2025-12-06 21:00:16 ot_train.py:351 step:29K smpl:235K ep:443 epch:12.66 loss:0.070 grdn:5.418 lr:1.0e-05 updt_s:0.062 data_s:0.002
INFO 2025-12-06 21:00:29 ot_train.py:351 step:30K smpl:237K ep:446 epch:12.74 loss:0.069 grdn:5.338 lr:1.0e-05 updt_s:0.061 data_s:0.002
INFO 2025-12-06 21:00:42 ot_train.py:351 step:30K smpl:238K ep:449 epch:12.83 loss:0.068 grdn:5.369 lr:1.0e-05 updt_s:0.061 data_s:0.002
INFO 2025-12-06 21:00:55 ot_train.py:351 step:30K smpl:240K ep:452 epch:12.92 loss:0.068 grdn:5.209 lr:1.0e-05 updt_s:0.061 data_s:0.002
INFO 2025-12-06 21:01:10 ot_train.py:351 step:30K smpl:242K ep:455 epch:13.00 loss:0.068 grdn:5.414 lr:1.0e-05 updt_s:0.062 data_s:0.014
INFO 2025-12-06 21:01:23 ot_train.py:351 step:30K smpl:243K ep:458 epch:13.09 loss:0.066 grdn:5.004 lr:1.0e-05 updt_s:0.061 data_s:0.002
INFO 2025-12-06 21:01:36 ot_train.py:351 step:31K smpl:245K ep:461 epch:13.17 loss:0.068 grdn:5.439 lr:1.0e-05 updt_s:0.062 data_s:0.002
INFO 2025-12-06 21:01:48 ot_train.py:351 step:31K smpl:246K ep:464 epch:13.26 loss:0.065 grdn:5.051 lr:1.0e-05 updt_s:0.061 data_s:0.002
INFO 2025-12-06 21:02:01 ot_train.py:351 step:31K smpl:248K ep:467 epch:13.35 loss:0.067 grdn:5.187 lr:1.0e-05 updt_s:0.061 data_s:0.002
INFO 2025-12-06 21:02:14 ot_train.py:351 step:31K smpl:250K ep:470 epch:13.43 loss:0.067 grdn:5.139 lr:1.0e-05 updt_s:0.061 data_s:0.002
INFO 2025-12-06 21:02:26 ot_train.py:351 step:31K smpl:251K ep:473 epch:13.52 loss:0.068 grdn:5.426 lr:1.0e-05 updt_s:0.061 data_s:0.002
INFO 2025-12-06 21:02:39 ot_train.py:351 step:32K smpl:253K ep:476 epch:13.61 loss:0.066 grdn:5.016 lr:1.0e-05 updt_s:0.061 data_s:0.002
INFO 2025-12-06 21:02:52 ot_train.py:351 step:32K smpl:254K ep:479 epch:13.69 loss:0.067 grdn:5.168 lr:1.0e-05 updt_s:0.062 data_s:0.002
INFO 2025-12-06 21:03:05 ot_train.py:351 step:32K smpl:256K ep:482 epch:13.78 loss:0.067 grdn:5.215 lr:1.0e-05 updt_s:0.061 data_s:0.002
INFO 2025-12-06 21:03:18 ot_train.py:351 step:32K smpl:258K ep:485 epch:13.86 loss:0.068 grdn:5.317 lr:1.0e-05 updt_s:0.061 data_s:0.002
INFO 2025-12-06 21:03:31 ot_train.py:351 step:32K smpl:259K ep:488 epch:13.95 loss:0.064 grdn:5.093 lr:1.0e-05 updt_s:0.062 data_s:0.002
INFO 2025-12-06 21:03:46 ot_train.py:351 step:33K smpl:261K ep:491 epch:14.04 loss:0.065 grdn:5.061 lr:1.0e-05 updt_s:0.061 data_s:0.015
INFO 2025-12-06 21:03:59 ot_train.py:351 step:33K smpl:262K ep:494 epch:14.12 loss:0.064 grdn:4.969 lr:1.0e-05 updt_s:0.061 data_s:0.002
INFO 2025-12-06 21:04:11 ot_train.py:351 step:33K smpl:264K ep:497 epch:14.21 loss:0.065 grdn:5.183 lr:1.0e-05 updt_s:0.061 data_s:0.002
INFO 2025-12-06 21:04:24 ot_train.py:351 step:33K smpl:266K ep:500 epch:14.29 loss:0.065 grdn:4.841 lr:1.0e-05 updt_s:0.062 data_s:0.002
INFO 2025-12-06 21:04:37 ot_train.py:351 step:33K smpl:267K ep:503 epch:14.38 loss:0.064 grdn:4.800 lr:1.0e-05 updt_s:0.061 data_s:0.002
INFO 2025-12-06 21:04:49 ot_train.py:351 step:34K smpl:269K ep:506 epch:14.47 loss:0.064 grdn:5.049 lr:1.0e-05 updt_s:0.061 data_s:0.002
INFO 2025-12-06 21:05:02 ot_train.py:351 step:34K smpl:270K ep:509 epch:14.55 loss:0.065 grdn:5.106 lr:1.0e-05 updt_s:0.062 data_s:0.002
INFO 2025-12-06 21:05:15 ot_train.py:351 step:34K smpl:272K ep:512 epch:14.64 loss:0.064 grdn:5.024 lr:1.0e-05 updt_s:0.061 data_s:0.002
INFO 2025-12-06 21:05:28 ot_train.py:351 step:34K smpl:274K ep:515 epch:14.72 loss:0.063 grdn:4.953 lr:1.0e-05 updt_s:0.061 data_s:0.002
INFO 2025-12-06 21:05:40 ot_train.py:351 step:34K smpl:275K ep:518 epch:14.81 loss:0.062 grdn:4.876 lr:1.0e-05 updt_s:0.061 data_s:0.002
INFO 2025-12-06 21:05:53 ot_train.py:351 step:35K smpl:277K ep:521 epch:14.90 loss:0.064 grdn:4.893 lr:1.0e-05 updt_s:0.061 data_s:0.002
INFO 2025-12-06 21:06:06 ot_train.py:351 step:35K smpl:278K ep:524 epch:14.98 loss:0.062 grdn:4.764 lr:1.0e-05 updt_s:0.061 data_s:0.002
INFO 2025-12-06 21:06:21 ot_train.py:351 step:35K smpl:280K ep:527 epch:15.07 loss:0.063 grdn:4.966 lr:1.0e-05 updt_s:0.061 data_s:0.015
INFO 2025-12-06 21:06:34 ot_train.py:351 step:35K smpl:282K ep:530 epch:15.16 loss:0.062 grdn:4.718 lr:1.0e-05 updt_s:0.062 data_s:0.002
INFO 2025-12-06 21:06:46 ot_train.py:351 step:35K smpl:283K ep:533 epch:15.24 loss:0.062 grdn:4.738 lr:1.0e-05 updt_s:0.061 data_s:0.002
INFO 2025-12-06 21:06:59 ot_train.py:351 step:36K smpl:285K ep:536 epch:15.33 loss:0.062 grdn:4.897 lr:1.0e-05 updt_s:0.062 data_s:0.002
INFO 2025-12-06 21:07:12 ot_train.py:351 step:36K smpl:286K ep:539 epch:15.41 loss:0.062 grdn:4.867 lr:1.0e-05 updt_s:0.061 data_s:0.002
INFO 2025-12-06 21:07:25 ot_train.py:351 step:36K smpl:288K ep:542 epch:15.50 loss:0.062 grdn:4.737 lr:1.0e-05 updt_s:0.062 data_s:0.002
INFO 2025-12-06 21:07:37 ot_train.py:351 step:36K smpl:290K ep:546 epch:15.59 loss:0.063 grdn:4.820 lr:1.0e-05 updt_s:0.061 data_s:0.002
INFO 2025-12-06 21:07:50 ot_train.py:351 step:36K smpl:291K ep:549 epch:15.67 loss:0.061 grdn:4.818 lr:1.0e-05 updt_s:0.061 data_s:0.002
INFO 2025-12-06 21:08:03 ot_train.py:351 step:37K smpl:293K ep:552 epch:15.76 loss:0.060 grdn:4.602 lr:1.0e-05 updt_s:0.061 data_s:0.002
INFO 2025-12-06 21:08:16 ot_train.py:351 step:37K smpl:294K ep:555 epch:15.84 loss:0.061 grdn:4.613 lr:1.0e-05 updt_s:0.061 data_s:0.002
INFO 2025-12-06 21:08:28 ot_train.py:351 step:37K smpl:296K ep:558 epch:15.93 loss:0.062 grdn:4.842 lr:1.0e-05 updt_s:0.061 data_s:0.002
INFO 2025-12-06 21:08:43 ot_train.py:351 step:37K smpl:298K ep:561 epch:16.02 loss:0.062 grdn:4.865 lr:1.0e-05 updt_s:0.061 data_s:0.015
INFO 2025-12-06 21:08:56 ot_train.py:351 step:37K smpl:299K ep:564 epch:16.10 loss:0.060 grdn:4.546 lr:1.0e-05 updt_s:0.061 data_s:0.002
INFO 2025-12-06 21:09:09 ot_train.py:351 step:38K smpl:301K ep:567 epch:16.19 loss:0.061 grdn:4.706 lr:1.0e-05 updt_s:0.062 data_s:0.002
INFO 2025-12-06 21:09:22 ot_train.py:351 step:38K smpl:302K ep:570 epch:16.27 loss:0.058 grdn:4.436 lr:1.0e-05 updt_s:0.061 data_s:0.002
INFO 2025-12-06 21:09:34 ot_train.py:351 step:38K smpl:304K ep:573 epch:16.36 loss:0.059 grdn:4.606 lr:1.0e-05 updt_s:0.061 data_s:0.002
INFO 2025-12-06 21:09:47 ot_train.py:351 step:38K smpl:306K ep:576 epch:16.45 loss:0.060 grdn:4.533 lr:1.0e-05 updt_s:0.062 data_s:0.002
INFO 2025-12-06 21:10:00 ot_train.py:351 step:38K smpl:307K ep:579 epch:16.53 loss:0.060 grdn:4.573 lr:1.0e-05 updt_s:0.061 data_s:0.002
INFO 2025-12-06 21:10:13 ot_train.py:351 step:39K smpl:309K ep:582 epch:16.62 loss:0.058 grdn:4.444 lr:1.0e-05 updt_s:0.061 data_s:0.002
INFO 2025-12-06 21:10:25 ot_train.py:351 step:39K smpl:310K ep:585 epch:16.71 loss:0.060 grdn:4.596 lr:1.0e-05 updt_s:0.061 data_s:0.002
INFO 2025-12-06 21:10:38 ot_train.py:351 step:39K smpl:312K ep:588 epch:16.79 loss:0.059 grdn:4.474 lr:1.0e-05 updt_s:0.062 data_s:0.002
INFO 2025-12-06 21:10:51 ot_train.py:351 step:39K smpl:314K ep:591 epch:16.88 loss:0.059 grdn:4.693 lr:1.0e-05 updt_s:0.061 data_s:0.002
INFO 2025-12-06 21:11:04 ot_train.py:351 step:39K smpl:315K ep:594 epch:16.96 loss:0.058 grdn:4.378 lr:1.0e-05 updt_s:0.061 data_s:0.002
INFO 2025-12-06 21:11:19 ot_train.py:351 step:40K smpl:317K ep:597 epch:17.05 loss:0.058 grdn:4.425 lr:1.0e-05 updt_s:0.062 data_s:0.014
INFO 2025-12-06 21:11:31 ot_train.py:351 step:40K smpl:318K ep:600 epch:17.14 loss:0.057 grdn:4.314 lr:1.0e-05 updt_s:0.061 data_s:0.002
INFO 2025-12-06 21:11:44 ot_train.py:351 step:40K smpl:320K ep:603 epch:17.22 loss:0.059 grdn:4.563 lr:1.0e-05 updt_s:0.061 data_s:0.002
INFO 2025-12-06 21:11:44 ot_train.py:361 Checkpoint policy after step 40000
INFO 2025-12-06 21:11:58 ot_train.py:351 step:40K smpl:322K ep:606 epch:17.31 loss:0.057 grdn:4.344 lr:1.0e-05 updt_s:0.061 data_s:0.002
INFO 2025-12-06 21:12:11 ot_train.py:351 step:40K smpl:323K ep:609 epch:17.39 loss:0.058 grdn:4.340 lr:1.0e-05 updt_s:0.061 data_s:0.002
INFO 2025-12-06 21:12:24 ot_train.py:351 step:41K smpl:325K ep:612 epch:17.48 loss:0.058 grdn:4.551 lr:1.0e-05 updt_s:0.061 data_s:0.002
INFO 2025-12-06 21:12:36 ot_train.py:351 step:41K smpl:326K ep:615 epch:17.57 loss:0.057 grdn:4.444 lr:1.0e-05 updt_s:0.061 data_s:0.002
INFO 2025-12-06 21:12:49 ot_train.py:351 step:41K smpl:328K ep:618 epch:17.65 loss:0.056 grdn:4.226 lr:1.0e-05 updt_s:0.062 data_s:0.002
INFO 2025-12-06 21:13:02 ot_train.py:351 step:41K smpl:330K ep:621 epch:17.74 loss:0.057 grdn:4.244 lr:1.0e-05 updt_s:0.061 data_s:0.002
INFO 2025-12-06 21:13:14 ot_train.py:351 step:41K smpl:331K ep:624 epch:17.82 loss:0.058 grdn:4.603 lr:1.0e-05 updt_s:0.062 data_s:0.002
INFO 2025-12-06 21:13:27 ot_train.py:351 step:42K smpl:333K ep:627 epch:17.91 loss:0.058 grdn:4.333 lr:1.0e-05 updt_s:0.061 data_s:0.002
INFO 2025-12-06 21:13:40 ot_train.py:351 step:42K smpl:334K ep:630 epch:18.00 loss:0.057 grdn:4.435 lr:1.0e-05 updt_s:0.061 data_s:0.002
INFO 2025-12-06 21:13:55 ot_train.py:351 step:42K smpl:336K ep:633 epch:18.08 loss:0.056 grdn:4.452 lr:1.0e-05 updt_s:0.062 data_s:0.015
INFO 2025-12-06 21:14:08 ot_train.py:351 step:42K smpl:338K ep:636 epch:18.17 loss:0.056 grdn:4.410 lr:1.0e-05 updt_s:0.061 data_s:0.002
INFO 2025-12-06 21:14:21 ot_train.py:351 step:42K smpl:339K ep:639 epch:18.26 loss:0.058 grdn:4.284 lr:1.0e-05 updt_s:0.061 data_s:0.002
INFO 2025-12-06 21:14:34 ot_train.py:351 step:43K smpl:341K ep:642 epch:18.34 loss:0.055 grdn:4.171 lr:1.0e-05 updt_s:0.061 data_s:0.002
INFO 2025-12-06 21:14:47 ot_train.py:351 step:43K smpl:342K ep:645 epch:18.43 loss:0.056 grdn:4.378 lr:1.0e-05 updt_s:0.062 data_s:0.002
INFO 2025-12-06 21:14:59 ot_train.py:351 step:43K smpl:344K ep:648 epch:18.51 loss:0.056 grdn:4.206 lr:1.0e-05 updt_s:0.061 data_s:0.002
INFO 2025-12-06 21:15:12 ot_train.py:351 step:43K smpl:346K ep:651 epch:18.60 loss:0.057 grdn:4.367 lr:1.0e-05 updt_s:0.061 data_s:0.002
INFO 2025-12-06 21:15:25 ot_train.py:351 step:43K smpl:347K ep:654 epch:18.69 loss:0.055 grdn:4.190 lr:1.0e-05 updt_s:0.062 data_s:0.002
INFO 2025-12-06 21:15:38 ot_train.py:351 step:44K smpl:349K ep:657 epch:18.77 loss:0.056 grdn:4.316 lr:1.0e-05 updt_s:0.061 data_s:0.002
INFO 2025-12-06 21:15:50 ot_train.py:351 step:44K smpl:350K ep:660 epch:18.86 loss:0.055 grdn:4.140 lr:1.0e-05 updt_s:0.061 data_s:0.002
INFO 2025-12-06 21:16:03 ot_train.py:351 step:44K smpl:352K ep:663 epch:18.94 loss:0.055 grdn:4.356 lr:1.0e-05 updt_s:0.061 data_s:0.002
INFO 2025-12-06 21:16:18 ot_train.py:351 step:44K smpl:354K ep:666 epch:19.03 loss:0.056 grdn:4.266 lr:1.0e-05 updt_s:0.062 data_s:0.014
INFO 2025-12-06 21:16:31 ot_train.py:351 step:44K smpl:355K ep:669 epch:19.12 loss:0.054 grdn:4.197 lr:1.0e-05 updt_s:0.061 data_s:0.002
INFO 2025-12-06 21:16:44 ot_train.py:351 step:45K smpl:357K ep:672 epch:19.20 loss:0.055 grdn:4.227 lr:1.0e-05 updt_s:0.061 data_s:0.002
INFO 2025-12-06 21:16:57 ot_train.py:351 step:45K smpl:358K ep:675 epch:19.29 loss:0.056 grdn:4.284 lr:1.0e-05 updt_s:0.062 data_s:0.002
INFO 2025-12-06 21:17:09 ot_train.py:351 step:45K smpl:360K ep:678 epch:19.37 loss:0.054 grdn:4.196 lr:1.0e-05 updt_s:0.061 data_s:0.002
INFO 2025-12-06 21:17:22 ot_train.py:351 step:45K smpl:362K ep:681 epch:19.46 loss:0.055 grdn:4.415 lr:1.0e-05 updt_s:0.061 data_s:0.002
INFO 2025-12-06 21:17:35 ot_train.py:351 step:45K smpl:363K ep:684 epch:19.55 loss:0.055 grdn:4.355 lr:1.0e-05 updt_s:0.062 data_s:0.002
INFO 2025-12-06 21:17:48 ot_train.py:351 step:46K smpl:365K ep:687 epch:19.63 loss:0.054 grdn:4.263 lr:1.0e-05 updt_s:0.061 data_s:0.002
INFO 2025-12-06 21:18:00 ot_train.py:351 step:46K smpl:366K ep:690 epch:19.72 loss:0.054 grdn:4.231 lr:1.0e-05 updt_s:0.061 data_s:0.002
INFO 2025-12-06 21:18:13 ot_train.py:351 step:46K smpl:368K ep:693 epch:19.81 loss:0.054 grdn:4.109 lr:1.0e-05 updt_s:0.061 data_s:0.002
INFO 2025-12-06 21:18:26 ot_train.py:351 step:46K smpl:370K ep:696 epch:19.89 loss:0.053 grdn:4.182 lr:1.0e-05 updt_s:0.061 data_s:0.002
INFO 2025-12-06 21:18:39 ot_train.py:351 step:46K smpl:371K ep:699 epch:19.98 loss:0.054 grdn:4.190 lr:1.0e-05 updt_s:0.061 data_s:0.002
INFO 2025-12-06 21:18:54 ot_train.py:351 step:47K smpl:373K ep:702 epch:20.06 loss:0.054 grdn:4.363 lr:1.0e-05 updt_s:0.061 data_s:0.016
INFO 2025-12-06 21:19:07 ot_train.py:351 step:47K smpl:374K ep:705 epch:20.15 loss:0.053 grdn:4.148 lr:1.0e-05 updt_s:0.062 data_s:0.002
INFO 2025-12-06 21:19:20 ot_train.py:351 step:47K smpl:376K ep:708 epch:20.24 loss:0.052 grdn:4.070 lr:1.0e-05 updt_s:0.061 data_s:0.002
INFO 2025-12-06 21:19:32 ot_train.py:351 step:47K smpl:378K ep:711 epch:20.32 loss:0.053 grdn:4.159 lr:1.0e-05 updt_s:0.061 data_s:0.002
INFO 2025-12-06 21:19:45 ot_train.py:351 step:47K smpl:379K ep:714 epch:20.41 loss:0.054 grdn:4.316 lr:1.0e-05 updt_s:0.061 data_s:0.002
INFO 2025-12-06 21:19:58 ot_train.py:351 step:48K smpl:381K ep:717 epch:20.49 loss:0.053 grdn:4.222 lr:1.0e-05 updt_s:0.062 data_s:0.002
INFO 2025-12-06 21:20:10 ot_train.py:351 step:48K smpl:382K ep:720 epch:20.58 loss:0.053 grdn:4.171 lr:1.0e-05 updt_s:0.061 data_s:0.002
INFO 2025-12-06 21:20:23 ot_train.py:351 step:48K smpl:384K ep:723 epch:20.67 loss:0.053 grdn:4.201 lr:1.0e-05 updt_s:0.061 data_s:0.002
INFO 2025-12-06 21:20:36 ot_train.py:351 step:48K smpl:386K ep:726 epch:20.75 loss:0.053 grdn:4.215 lr:1.0e-05 updt_s:0.062 data_s:0.002
INFO 2025-12-06 21:20:49 ot_train.py:351 step:48K smpl:387K ep:729 epch:20.84 loss:0.054 grdn:4.233 lr:1.0e-05 updt_s:0.061 data_s:0.002
INFO 2025-12-06 21:21:01 ot_train.py:351 step:49K smpl:389K ep:732 epch:20.92 loss:0.054 grdn:4.181 lr:1.0e-05 updt_s:0.061 data_s:0.002
INFO 2025-12-06 21:21:17 ot_train.py:351 step:49K smpl:390K ep:735 epch:21.01 loss:0.054 grdn:4.228 lr:1.0e-05 updt_s:0.061 data_s:0.015
INFO 2025-12-06 21:21:29 ot_train.py:351 step:49K smpl:392K ep:738 epch:21.10 loss:0.053 grdn:4.080 lr:1.0e-05 updt_s:0.062 data_s:0.002
INFO 2025-12-06 21:21:42 ot_train.py:351 step:49K smpl:394K ep:741 epch:21.18 loss:0.053 grdn:4.149 lr:1.0e-05 updt_s:0.061 data_s:0.002
INFO 2025-12-06 21:21:55 ot_train.py:351 step:49K smpl:395K ep:744 epch:21.27 loss:0.052 grdn:4.031 lr:1.0e-05 updt_s:0.061 data_s:0.002
INFO 2025-12-06 21:22:08 ot_train.py:351 step:50K smpl:397K ep:747 epch:21.36 loss:0.051 grdn:4.111 lr:1.0e-05 updt_s:0.061 data_s:0.002
INFO 2025-12-06 21:22:20 ot_train.py:351 step:50K smpl:398K ep:750 epch:21.44 loss:0.051 grdn:4.122 lr:1.0e-05 updt_s:0.061 data_s:0.002
INFO 2025-12-06 21:22:33 ot_train.py:351 step:50K smpl:400K ep:753 epch:21.53 loss:0.052 grdn:4.147 lr:1.0e-05 updt_s:0.061 data_s:0.002
INFO 2025-12-06 21:22:46 ot_train.py:351 step:50K smpl:402K ep:756 epch:21.61 loss:0.052 grdn:4.156 lr:1.0e-05 updt_s:0.061 data_s:0.002
INFO 2025-12-06 21:22:58 ot_train.py:351 step:50K smpl:403K ep:759 epch:21.70 loss:0.053 grdn:4.152 lr:1.0e-05 updt_s:0.062 data_s:0.002
INFO 2025-12-06 21:23:11 ot_train.py:351 step:51K smpl:405K ep:762 epch:21.79 loss:0.051 grdn:4.018 lr:1.0e-05 updt_s:0.061 data_s:0.002
INFO 2025-12-06 21:23:24 ot_train.py:351 step:51K smpl:406K ep:766 epch:21.87 loss:0.051 grdn:4.231 lr:1.0e-05 updt_s:0.061 data_s:0.002
INFO 2025-12-06 21:23:36 ot_train.py:351 step:51K smpl:408K ep:769 epch:21.96 loss:0.052 grdn:4.054 lr:1.0e-05 updt_s:0.061 data_s:0.002
INFO 2025-12-06 21:23:52 ot_train.py:351 step:51K smpl:410K ep:772 epch:22.04 loss:0.052 grdn:4.141 lr:1.0e-05 updt_s:0.062 data_s:0.015
INFO 2025-12-06 21:24:04 ot_train.py:351 step:51K smpl:411K ep:775 epch:22.13 loss:0.050 grdn:4.072 lr:1.0e-05 updt_s:0.061 data_s:0.002
INFO 2025-12-06 21:24:17 ot_train.py:351 step:52K smpl:413K ep:778 epch:22.22 loss:0.050 grdn:4.080 lr:1.0e-05 updt_s:0.061 data_s:0.002
INFO 2025-12-06 21:24:30 ot_train.py:351 step:52K smpl:414K ep:781 epch:22.30 loss:0.051 grdn:4.188 lr:1.0e-05 updt_s:0.062 data_s:0.002
INFO 2025-12-06 21:24:43 ot_train.py:351 step:52K smpl:416K ep:784 epch:22.39 loss:0.051 grdn:3.951 lr:1.0e-05 updt_s:0.061 data_s:0.002
INFO 2025-12-06 21:24:55 ot_train.py:351 step:52K smpl:418K ep:787 epch:22.47 loss:0.051 grdn:4.098 lr:1.0e-05 updt_s:0.061 data_s:0.002
INFO 2025-12-06 21:25:08 ot_train.py:351 step:52K smpl:419K ep:790 epch:22.56 loss:0.050 grdn:3.962 lr:1.0e-05 updt_s:0.061 data_s:0.002
INFO 2025-12-06 21:25:21 ot_train.py:351 step:53K smpl:421K ep:793 epch:22.65 loss:0.050 grdn:3.997 lr:1.0e-05 updt_s:0.061 data_s:0.002
INFO 2025-12-06 21:25:33 ot_train.py:351 step:53K smpl:422K ep:796 epch:22.73 loss:0.051 grdn:4.343 lr:1.0e-05 updt_s:0.061 data_s:0.002
INFO 2025-12-06 21:25:46 ot_train.py:351 step:53K smpl:424K ep:799 epch:22.82 loss:0.050 grdn:4.022 lr:1.0e-05 updt_s:0.061 data_s:0.002
INFO 2025-12-06 21:25:59 ot_train.py:351 step:53K smpl:426K ep:802 epch:22.91 loss:0.051 grdn:3.986 lr:1.0e-05 updt_s:0.061 data_s:0.002
INFO 2025-12-06 21:26:12 ot_train.py:351 step:53K smpl:427K ep:805 epch:22.99 loss:0.051 grdn:3.895 lr:1.0e-05 updt_s:0.061 data_s:0.002
INFO 2025-12-06 21:26:27 ot_train.py:351 step:54K smpl:429K ep:808 epch:23.08 loss:0.049 grdn:4.079 lr:1.0e-05 updt_s:0.062 data_s:0.016
INFO 2025-12-06 21:26:40 ot_train.py:351 step:54K smpl:430K ep:811 epch:23.16 loss:0.051 grdn:3.876 lr:1.0e-05 updt_s:0.061 data_s:0.002
INFO 2025-12-06 21:26:53 ot_train.py:351 step:54K smpl:432K ep:814 epch:23.25 loss:0.051 grdn:4.064 lr:1.0e-05 updt_s:0.062 data_s:0.002
INFO 2025-12-06 21:27:05 ot_train.py:351 step:54K smpl:434K ep:817 epch:23.34 loss:0.050 grdn:3.879 lr:1.0e-05 updt_s:0.061 data_s:0.002
INFO 2025-12-06 21:27:18 ot_train.py:351 step:54K smpl:435K ep:820 epch:23.42 loss:0.049 grdn:3.886 lr:1.0e-05 updt_s:0.061 data_s:0.002
INFO 2025-12-06 21:27:31 ot_train.py:351 step:55K smpl:437K ep:823 epch:23.51 loss:0.049 grdn:3.889 lr:1.0e-05 updt_s:0.061 data_s:0.002
INFO 2025-12-06 21:27:44 ot_train.py:351 step:55K smpl:438K ep:826 epch:23.59 loss:0.049 grdn:3.771 lr:1.0e-05 updt_s:0.062 data_s:0.002
INFO 2025-12-06 21:27:56 ot_train.py:351 step:55K smpl:440K ep:829 epch:23.68 loss:0.049 grdn:3.953 lr:1.0e-05 updt_s:0.061 data_s:0.002
INFO 2025-12-06 21:28:09 ot_train.py:351 step:55K smpl:442K ep:832 epch:23.77 loss:0.050 grdn:4.057 lr:1.0e-05 updt_s:0.062 data_s:0.002
INFO 2025-12-06 21:28:22 ot_train.py:351 step:55K smpl:443K ep:835 epch:23.85 loss:0.050 grdn:3.828 lr:1.0e-05 updt_s:0.061 data_s:0.002
INFO 2025-12-06 21:28:34 ot_train.py:351 step:56K smpl:445K ep:838 epch:23.94 loss:0.049 grdn:4.011 lr:1.0e-05 updt_s:0.061 data_s:0.002
INFO 2025-12-06 21:28:50 ot_train.py:351 step:56K smpl:446K ep:841 epch:24.02 loss:0.049 grdn:3.741 lr:1.0e-05 updt_s:0.062 data_s:0.016
INFO 2025-12-06 21:29:03 ot_train.py:351 step:56K smpl:448K ep:844 epch:24.11 loss:0.048 grdn:3.872 lr:1.0e-05 updt_s:0.061 data_s:0.002
INFO 2025-12-06 21:29:16 ot_train.py:351 step:56K smpl:450K ep:847 epch:24.20 loss:0.048 grdn:3.974 lr:1.0e-05 updt_s:0.061 data_s:0.002
INFO 2025-12-06 21:29:28 ot_train.py:351 step:56K smpl:451K ep:850 epch:24.28 loss:0.049 grdn:3.894 lr:1.0e-05 updt_s:0.061 data_s:0.002
INFO 2025-12-06 21:29:42 ot_train.py:351 step:57K smpl:453K ep:853 epch:24.37 loss:0.048 grdn:3.927 lr:1.0e-05 updt_s:0.062 data_s:0.002
INFO 2025-12-06 21:29:54 ot_train.py:351 step:57K smpl:454K ep:856 epch:24.46 loss:0.049 grdn:4.004 lr:1.0e-05 updt_s:0.062 data_s:0.002
INFO 2025-12-06 21:30:07 ot_train.py:351 step:57K smpl:456K ep:859 epch:24.54 loss:0.048 grdn:3.843 lr:1.0e-05 updt_s:0.062 data_s:0.002
INFO 2025-12-06 21:30:20 ot_train.py:351 step:57K smpl:458K ep:862 epch:24.63 loss:0.049 grdn:3.908 lr:1.0e-05 updt_s:0.062 data_s:0.002
INFO 2025-12-06 21:30:33 ot_train.py:351 step:57K smpl:459K ep:865 epch:24.71 loss:0.048 grdn:3.786 lr:1.0e-05 updt_s:0.062 data_s:0.002
INFO 2025-12-06 21:30:46 ot_train.py:351 step:58K smpl:461K ep:868 epch:24.80 loss:0.049 grdn:3.888 lr:1.0e-05 updt_s:0.061 data_s:0.002
INFO 2025-12-06 21:30:59 ot_train.py:351 step:58K smpl:462K ep:871 epch:24.89 loss:0.049 grdn:3.787 lr:1.0e-05 updt_s:0.061 data_s:0.002
INFO 2025-12-06 21:31:12 ot_train.py:351 step:58K smpl:464K ep:874 epch:24.97 loss:0.048 grdn:3.849 lr:1.0e-05 updt_s:0.062 data_s:0.002
INFO 2025-12-06 21:31:28 ot_train.py:351 step:58K smpl:466K ep:877 epch:25.06 loss:0.048 grdn:3.907 lr:1.0e-05 updt_s:0.062 data_s:0.015
INFO 2025-12-06 21:31:41 ot_train.py:351 step:58K smpl:467K ep:880 epch:25.14 loss:0.047 grdn:3.829 lr:1.0e-05 updt_s:0.062 data_s:0.002
INFO 2025-12-06 21:31:54 ot_train.py:351 step:59K smpl:469K ep:883 epch:25.23 loss:0.048 grdn:3.762 lr:1.0e-05 updt_s:0.061 data_s:0.002
INFO 2025-12-06 21:32:06 ot_train.py:351 step:59K smpl:470K ep:886 epch:25.32 loss:0.048 grdn:3.736 lr:1.0e-05 updt_s:0.061 data_s:0.002
INFO 2025-12-06 21:32:19 ot_train.py:351 step:59K smpl:472K ep:889 epch:25.40 loss:0.047 grdn:3.830 lr:1.0e-05 updt_s:0.062 data_s:0.002
INFO 2025-12-06 21:32:32 ot_train.py:351 step:59K smpl:474K ep:892 epch:25.49 loss:0.047 grdn:3.764 lr:1.0e-05 updt_s:0.061 data_s:0.002
INFO 2025-12-06 21:32:45 ot_train.py:351 step:59K smpl:475K ep:895 epch:25.57 loss:0.048 grdn:3.755 lr:1.0e-05 updt_s:0.061 data_s:0.002
INFO 2025-12-06 21:32:57 ot_train.py:351 step:60K smpl:477K ep:898 epch:25.66 loss:0.047 grdn:3.869 lr:1.0e-05 updt_s:0.061 data_s:0.002
INFO 2025-12-06 21:33:10 ot_train.py:351 step:60K smpl:478K ep:901 epch:25.75 loss:0.048 grdn:3.665 lr:1.0e-05 updt_s:0.062 data_s:0.002
INFO 2025-12-06 21:33:23 ot_train.py:351 step:60K smpl:480K ep:904 epch:25.83 loss:0.048 grdn:3.882 lr:1.0e-05 updt_s:0.061 data_s:0.002
INFO 2025-12-06 21:33:23 ot_train.py:361 Checkpoint policy after step 60000
INFO 2025-12-06 21:33:37 ot_train.py:351 step:60K smpl:482K ep:907 epch:25.92 loss:0.048 grdn:3.706 lr:1.0e-05 updt_s:0.061 data_s:0.002
INFO 2025-12-06 21:33:53 ot_train.py:351 step:60K smpl:483K ep:910 epch:26.01 loss:0.046 grdn:3.670 lr:1.0e-05 updt_s:0.062 data_s:0.015
INFO 2025-12-06 21:34:05 ot_train.py:351 step:61K smpl:485K ep:913 epch:26.09 loss:0.047 grdn:3.645 lr:1.0e-05 updt_s:0.061 data_s:0.002
INFO 2025-12-06 21:34:18 ot_train.py:351 step:61K smpl:486K ep:916 epch:26.18 loss:0.046 grdn:3.811 lr:1.0e-05 updt_s:0.061 data_s:0.002
INFO 2025-12-06 21:34:31 ot_train.py:351 step:61K smpl:488K ep:919 epch:26.26 loss:0.046 grdn:3.600 lr:1.0e-05 updt_s:0.062 data_s:0.002
INFO 2025-12-06 21:34:43 ot_train.py:351 step:61K smpl:490K ep:922 epch:26.35 loss:0.045 grdn:3.573 lr:1.0e-05 updt_s:0.061 data_s:0.002
INFO 2025-12-06 21:34:56 ot_train.py:351 step:61K smpl:491K ep:925 epch:26.44 loss:0.047 grdn:3.826 lr:1.0e-05 updt_s:0.061 data_s:0.002
INFO 2025-12-06 21:35:09 ot_train.py:351 step:62K smpl:493K ep:928 epch:26.52 loss:0.047 grdn:3.775 lr:1.0e-05 updt_s:0.061 data_s:0.002
INFO 2025-12-06 21:35:22 ot_train.py:351 step:62K smpl:494K ep:931 epch:26.61 loss:0.048 grdn:3.754 lr:1.0e-05 updt_s:0.062 data_s:0.002
INFO 2025-12-06 21:35:34 ot_train.py:351 step:62K smpl:496K ep:934 epch:26.69 loss:0.047 grdn:3.783 lr:1.0e-05 updt_s:0.061 data_s:0.002
INFO 2025-12-06 21:35:47 ot_train.py:351 step:62K smpl:498K ep:937 epch:26.78 loss:0.046 grdn:3.637 lr:1.0e-05 updt_s:0.061 data_s:0.002
INFO 2025-12-06 21:36:00 ot_train.py:351 step:62K smpl:499K ep:940 epch:26.87 loss:0.047 grdn:3.811 lr:1.0e-05 updt_s:0.061 data_s:0.002
INFO 2025-12-06 21:36:12 ot_train.py:351 step:63K smpl:501K ep:943 epch:26.95 loss:0.045 grdn:3.603 lr:1.0e-05 updt_s:0.061 data_s:0.002
INFO 2025-12-06 21:36:27 ot_train.py:351 step:63K smpl:502K ep:946 epch:27.04 loss:0.046 grdn:3.671 lr:1.0e-05 updt_s:0.061 data_s:0.014
INFO 2025-12-06 21:36:40 ot_train.py:351 step:63K smpl:504K ep:949 epch:27.12 loss:0.046 grdn:3.697 lr:1.0e-05 updt_s:0.061 data_s:0.002
INFO 2025-12-06 21:36:53 ot_train.py:351 step:63K smpl:506K ep:952 epch:27.21 loss:0.046 grdn:3.560 lr:1.0e-05 updt_s:0.062 data_s:0.002
INFO 2025-12-06 21:37:06 ot_train.py:351 step:63K smpl:507K ep:955 epch:27.30 loss:0.045 grdn:3.577 lr:1.0e-05 updt_s:0.061 data_s:0.002
INFO 2025-12-06 21:37:18 ot_train.py:351 step:64K smpl:509K ep:958 epch:27.38 loss:0.045 grdn:3.670 lr:1.0e-05 updt_s:0.061 data_s:0.002
INFO 2025-12-06 21:37:31 ot_train.py:351 step:64K smpl:510K ep:961 epch:27.47 loss:0.046 grdn:3.702 lr:1.0e-05 updt_s:0.061 data_s:0.002
INFO 2025-12-06 21:37:44 ot_train.py:351 step:64K smpl:512K ep:964 epch:27.56 loss:0.046 grdn:3.699 lr:1.0e-05 updt_s:0.062 data_s:0.002
INFO 2025-12-06 21:37:57 ot_train.py:351 step:64K smpl:514K ep:967 epch:27.64 loss:0.046 grdn:3.621 lr:1.0e-05 updt_s:0.061 data_s:0.002
INFO 2025-12-06 21:38:09 ot_train.py:351 step:64K smpl:515K ep:970 epch:27.73 loss:0.046 grdn:3.695 lr:1.0e-05 updt_s:0.061 data_s:0.002
INFO 2025-12-06 21:38:22 ot_train.py:351 step:65K smpl:517K ep:973 epch:27.81 loss:0.046 grdn:3.492 lr:1.0e-05 updt_s:0.061 data_s:0.002
INFO 2025-12-06 21:38:35 ot_train.py:351 step:65K smpl:518K ep:976 epch:27.90 loss:0.046 grdn:3.634 lr:1.0e-05 updt_s:0.061 data_s:0.002
INFO 2025-12-06 21:38:47 ot_train.py:351 step:65K smpl:520K ep:979 epch:27.99 loss:0.046 grdn:3.624 lr:1.0e-05 updt_s:0.061 data_s:0.002
INFO 2025-12-06 21:39:03 ot_train.py:351 step:65K smpl:522K ep:983 epch:28.07 loss:0.045 grdn:3.553 lr:1.0e-05 updt_s:0.062 data_s:0.015
INFO 2025-12-06 21:39:15 ot_train.py:351 step:65K smpl:523K ep:986 epch:28.16 loss:0.046 grdn:3.681 lr:1.0e-05 updt_s:0.061 data_s:0.002
INFO 2025-12-06 21:39:28 ot_train.py:351 step:66K smpl:525K ep:989 epch:28.24 loss:0.045 grdn:3.611 lr:1.0e-05 updt_s:0.061 data_s:0.002
INFO 2025-12-06 21:39:41 ot_train.py:351 step:66K smpl:526K ep:992 epch:28.33 loss:0.045 grdn:3.709 lr:1.0e-05 updt_s:0.061 data_s:0.002
INFO 2025-12-06 21:39:54 ot_train.py:351 step:66K smpl:528K ep:995 epch:28.42 loss:0.045 grdn:3.654 lr:1.0e-05 updt_s:0.062 data_s:0.002
INFO 2025-12-06 21:40:06 ot_train.py:351 step:66K smpl:530K ep:998 epch:28.50 loss:0.044 grdn:3.481 lr:1.0e-05 updt_s:0.061 data_s:0.002
INFO 2025-12-06 21:40:19 ot_train.py:351 step:66K smpl:531K ep:1K epch:28.59 loss:0.044 grdn:3.637 lr:1.0e-05 updt_s:0.061 data_s:0.002
INFO 2025-12-06 21:40:32 ot_train.py:351 step:67K smpl:533K ep:1K epch:28.67 loss:0.044 grdn:3.514 lr:1.0e-05 updt_s:0.061 data_s:0.002
INFO 2025-12-06 21:40:45 ot_train.py:351 step:67K smpl:534K ep:1K epch:28.76 loss:0.045 grdn:3.574 lr:1.0e-05 updt_s:0.062 data_s:0.002
INFO 2025-12-06 21:40:57 ot_train.py:351 step:67K smpl:536K ep:1K epch:28.85 loss:0.044 grdn:3.386 lr:1.0e-05 updt_s:0.061 data_s:0.002
INFO 2025-12-06 21:41:10 ot_train.py:351 step:67K smpl:538K ep:1K epch:28.93 loss:0.045 grdn:3.487 lr:1.0e-05 updt_s:0.061 data_s:0.002
INFO 2025-12-06 21:41:25 ot_train.py:351 step:67K smpl:539K ep:1K epch:29.02 loss:0.045 grdn:3.502 lr:1.0e-05 updt_s:0.062 data_s:0.014
INFO 2025-12-06 21:41:38 ot_train.py:351 step:68K smpl:541K ep:1K epch:29.10 loss:0.045 grdn:3.622 lr:1.0e-05 updt_s:0.061 data_s:0.002
INFO 2025-12-06 21:41:51 ot_train.py:351 step:68K smpl:542K ep:1K epch:29.19 loss:0.044 grdn:3.478 lr:1.0e-05 updt_s:0.062 data_s:0.002
INFO 2025-12-06 21:42:03 ot_train.py:351 step:68K smpl:544K ep:1K epch:29.28 loss:0.045 grdn:3.628 lr:1.0e-05 updt_s:0.061 data_s:0.002
INFO 2025-12-06 21:42:16 ot_train.py:351 step:68K smpl:546K ep:1K epch:29.36 loss:0.045 grdn:3.441 lr:1.0e-05 updt_s:0.061 data_s:0.002
INFO 2025-12-06 21:42:29 ot_train.py:351 step:68K smpl:547K ep:1K epch:29.45 loss:0.043 grdn:3.427 lr:1.0e-05 updt_s:0.061 data_s:0.002
INFO 2025-12-06 21:42:41 ot_train.py:351 step:69K smpl:549K ep:1K epch:29.54 loss:0.044 grdn:3.488 lr:1.0e-05 updt_s:0.061 data_s:0.002
INFO 2025-12-06 21:42:54 ot_train.py:351 step:69K smpl:550K ep:1K epch:29.62 loss:0.044 grdn:3.432 lr:1.0e-05 updt_s:0.061 data_s:0.002
INFO 2025-12-06 21:43:07 ot_train.py:351 step:69K smpl:552K ep:1K epch:29.71 loss:0.043 grdn:3.519 lr:1.0e-05 updt_s:0.061 data_s:0.002
INFO 2025-12-06 21:43:19 ot_train.py:351 step:69K smpl:554K ep:1K epch:29.79 loss:0.043 grdn:3.476 lr:1.0e-05 updt_s:0.061 data_s:0.002
INFO 2025-12-06 21:43:32 ot_train.py:351 step:69K smpl:555K ep:1K epch:29.88 loss:0.044 grdn:3.444 lr:1.0e-05 updt_s:0.061 data_s:0.002
INFO 2025-12-06 21:43:45 ot_train.py:351 step:70K smpl:557K ep:1K epch:29.97 loss:0.044 grdn:3.498 lr:1.0e-05 updt_s:0.061 data_s:0.002
INFO 2025-12-06 21:44:00 ot_train.py:351 step:70K smpl:558K ep:1K epch:30.05 loss:0.043 grdn:3.495 lr:1.0e-05 updt_s:0.061 data_s:0.015
INFO 2025-12-06 21:44:13 ot_train.py:351 step:70K smpl:560K ep:1K epch:30.14 loss:0.044 grdn:3.434 lr:1.0e-05 updt_s:0.062 data_s:0.002
INFO 2025-12-06 21:44:26 ot_train.py:351 step:70K smpl:562K ep:1K epch:30.22 loss:0.044 grdn:3.523 lr:1.0e-05 updt_s:0.061 data_s:0.002
INFO 2025-12-06 21:44:39 ot_train.py:351 step:70K smpl:563K ep:1K epch:30.31 loss:0.043 grdn:3.353 lr:1.0e-05 updt_s:0.062 data_s:0.002
INFO 2025-12-06 21:44:52 ot_train.py:351 step:71K smpl:565K ep:1K epch:30.40 loss:0.043 grdn:3.567 lr:1.0e-05 updt_s:0.061 data_s:0.002
INFO 2025-12-06 21:45:05 ot_train.py:351 step:71K smpl:566K ep:1K epch:30.48 loss:0.045 grdn:3.555 lr:1.0e-05 updt_s:0.062 data_s:0.002
INFO 2025-12-06 21:45:17 ot_train.py:351 step:71K smpl:568K ep:1K epch:30.57 loss:0.042 grdn:3.373 lr:1.0e-05 updt_s:0.061 data_s:0.002
INFO 2025-12-06 21:45:30 ot_train.py:351 step:71K smpl:570K ep:1K epch:30.65 loss:0.043 grdn:3.421 lr:1.0e-05 updt_s:0.061 data_s:0.002
INFO 2025-12-06 21:45:43 ot_train.py:351 step:71K smpl:571K ep:1K epch:30.74 loss:0.043 grdn:3.344 lr:1.0e-05 updt_s:0.061 data_s:0.002
INFO 2025-12-06 21:45:55 ot_train.py:351 step:72K smpl:573K ep:1K epch:30.83 loss:0.044 grdn:3.486 lr:1.0e-05 updt_s:0.062 data_s:0.002
INFO 2025-12-06 21:46:08 ot_train.py:351 step:72K smpl:574K ep:1K epch:30.91 loss:0.043 grdn:3.478 lr:1.0e-05 updt_s:0.061 data_s:0.002
INFO 2025-12-06 21:46:21 ot_train.py:351 step:72K smpl:576K ep:1K epch:31.00 loss:0.043 grdn:3.387 lr:1.0e-05 updt_s:0.061 data_s:0.002
INFO 2025-12-06 21:46:36 ot_train.py:351 step:72K smpl:578K ep:1K epch:31.09 loss:0.043 grdn:3.408 lr:1.0e-05 updt_s:0.062 data_s:0.013
INFO 2025-12-06 21:46:49 ot_train.py:351 step:72K smpl:579K ep:1K epch:31.17 loss:0.042 grdn:3.301 lr:1.0e-05 updt_s:0.061 data_s:0.002
INFO 2025-12-06 21:47:01 ot_train.py:351 step:73K smpl:581K ep:1K epch:31.26 loss:0.043 grdn:3.467 lr:1.0e-05 updt_s:0.062 data_s:0.002
INFO 2025-12-06 21:47:14 ot_train.py:351 step:73K smpl:582K ep:1K epch:31.34 loss:0.042 grdn:3.373 lr:1.0e-05 updt_s:0.061 data_s:0.002
INFO 2025-12-06 21:47:27 ot_train.py:351 step:73K smpl:584K ep:1K epch:31.43 loss:0.043 grdn:3.372 lr:1.0e-05 updt_s:0.061 data_s:0.002
INFO 2025-12-06 21:47:39 ot_train.py:351 step:73K smpl:586K ep:1K epch:31.52 loss:0.043 grdn:3.332 lr:1.0e-05 updt_s:0.061 data_s:0.002
INFO 2025-12-06 21:47:52 ot_train.py:351 step:73K smpl:587K ep:1K epch:31.60 loss:0.042 grdn:3.404 lr:1.0e-05 updt_s:0.062 data_s:0.002
INFO 2025-12-06 21:48:05 ot_train.py:351 step:74K smpl:589K ep:1K epch:31.69 loss:0.043 grdn:3.492 lr:1.0e-05 updt_s:0.061 data_s:0.002
INFO 2025-12-06 21:48:18 ot_train.py:351 step:74K smpl:590K ep:1K epch:31.77 loss:0.043 grdn:3.246 lr:1.0e-05 updt_s:0.061 data_s:0.002
INFO 2025-12-06 21:48:30 ot_train.py:351 step:74K smpl:592K ep:1K epch:31.86 loss:0.043 grdn:3.276 lr:1.0e-05 updt_s:0.061 data_s:0.002
INFO 2025-12-06 21:48:43 ot_train.py:351 step:74K smpl:594K ep:1K epch:31.95 loss:0.042 grdn:3.332 lr:1.0e-05 updt_s:0.061 data_s:0.002
INFO 2025-12-06 21:48:58 ot_train.py:351 step:74K smpl:595K ep:1K epch:32.03 loss:0.042 grdn:3.340 lr:1.0e-05 updt_s:0.061 data_s:0.013
INFO 2025-12-06 21:49:11 ot_train.py:351 step:75K smpl:597K ep:1K epch:32.12 loss:0.042 grdn:3.143 lr:1.0e-05 updt_s:0.061 data_s:0.002
INFO 2025-12-06 21:49:24 ot_train.py:351 step:75K smpl:598K ep:1K epch:32.20 loss:0.041 grdn:3.318 lr:1.0e-05 updt_s:0.062 data_s:0.002
INFO 2025-12-06 21:49:36 ot_train.py:351 step:75K smpl:600K ep:1K epch:32.29 loss:0.042 grdn:3.381 lr:1.0e-05 updt_s:0.061 data_s:0.002
INFO 2025-12-06 21:49:49 ot_train.py:351 step:75K smpl:602K ep:1K epch:32.38 loss:0.042 grdn:3.343 lr:1.0e-05 updt_s:0.061 data_s:0.002
INFO 2025-12-06 21:50:02 ot_train.py:351 step:75K smpl:603K ep:1K epch:32.46 loss:0.042 grdn:3.282 lr:1.0e-05 updt_s:0.062 data_s:0.002
INFO 2025-12-06 21:50:14 ot_train.py:351 step:76K smpl:605K ep:1K epch:32.55 loss:0.043 grdn:3.235 lr:1.0e-05 updt_s:0.061 data_s:0.002
INFO 2025-12-06 21:50:27 ot_train.py:351 step:76K smpl:606K ep:1K epch:32.64 loss:0.041 grdn:3.335 lr:1.0e-05 updt_s:0.061 data_s:0.002
INFO 2025-12-06 21:50:40 ot_train.py:351 step:76K smpl:608K ep:1K epch:32.72 loss:0.042 grdn:3.283 lr:1.0e-05 updt_s:0.061 data_s:0.002
INFO 2025-12-06 21:50:53 ot_train.py:351 step:76K smpl:610K ep:1K epch:32.81 loss:0.041 grdn:3.310 lr:1.0e-05 updt_s:0.062 data_s:0.002
INFO 2025-12-06 21:51:05 ot_train.py:351 step:76K smpl:611K ep:1K epch:32.89 loss:0.043 grdn:3.433 lr:1.0e-05 updt_s:0.061 data_s:0.002
INFO 2025-12-06 21:51:18 ot_train.py:351 step:77K smpl:613K ep:1K epch:32.98 loss:0.042 grdn:3.454 lr:1.0e-05 updt_s:0.061 data_s:0.002
INFO 2025-12-06 21:51:33 ot_train.py:351 step:77K smpl:614K ep:1K epch:33.07 loss:0.041 grdn:3.358 lr:1.0e-05 updt_s:0.062 data_s:0.013
INFO 2025-12-06 21:51:46 ot_train.py:351 step:77K smpl:616K ep:1K epch:33.15 loss:0.041 grdn:3.401 lr:1.0e-05 updt_s:0.061 data_s:0.002
INFO 2025-12-06 21:51:59 ot_train.py:351 step:77K smpl:618K ep:1K epch:33.24 loss:0.041 grdn:3.287 lr:1.0e-05 updt_s:0.061 data_s:0.002
INFO 2025-12-06 21:52:11 ot_train.py:351 step:77K smpl:619K ep:1K epch:33.32 loss:0.041 grdn:3.209 lr:1.0e-05 updt_s:0.061 data_s:0.002
INFO 2025-12-06 21:52:24 ot_train.py:351 step:78K smpl:621K ep:1K epch:33.41 loss:0.042 grdn:3.214 lr:1.0e-05 updt_s:0.061 data_s:0.002
INFO 2025-12-06 21:52:37 ot_train.py:351 step:78K smpl:622K ep:1K epch:33.50 loss:0.041 grdn:3.297 lr:1.0e-05 updt_s:0.061 data_s:0.002
INFO 2025-12-06 21:52:50 ot_train.py:351 step:78K smpl:624K ep:1K epch:33.58 loss:0.041 grdn:3.215 lr:1.0e-05 updt_s:0.061 data_s:0.002
INFO 2025-12-06 21:53:02 ot_train.py:351 step:78K smpl:626K ep:1K epch:33.67 loss:0.041 grdn:3.346 lr:1.0e-05 updt_s:0.061 data_s:0.002
INFO 2025-12-06 21:53:15 ot_train.py:351 step:78K smpl:627K ep:1K epch:33.75 loss:0.042 grdn:3.236 lr:1.0e-05 updt_s:0.061 data_s:0.002
INFO 2025-12-06 21:53:28 ot_train.py:351 step:79K smpl:629K ep:1K epch:33.84 loss:0.041 grdn:3.305 lr:1.0e-05 updt_s:0.061 data_s:0.002
INFO 2025-12-06 21:53:41 ot_train.py:351 step:79K smpl:630K ep:1K epch:33.93 loss:0.041 grdn:3.293 lr:1.0e-05 updt_s:0.062 data_s:0.002
INFO 2025-12-06 21:53:56 ot_train.py:351 step:79K smpl:632K ep:1K epch:34.01 loss:0.041 grdn:3.350 lr:1.0e-05 updt_s:0.061 data_s:0.015
INFO 2025-12-06 21:54:09 ot_train.py:351 step:79K smpl:634K ep:1K epch:34.10 loss:0.040 grdn:3.207 lr:1.0e-05 updt_s:0.062 data_s:0.002
INFO 2025-12-06 21:54:21 ot_train.py:351 step:79K smpl:635K ep:1K epch:34.19 loss:0.042 grdn:3.341 lr:1.0e-05 updt_s:0.061 data_s:0.002
INFO 2025-12-06 21:54:34 ot_train.py:351 step:80K smpl:637K ep:1K epch:34.27 loss:0.040 grdn:3.241 lr:1.0e-05 updt_s:0.062 data_s:0.002
INFO 2025-12-06 21:54:47 ot_train.py:351 step:80K smpl:638K ep:1K epch:34.36 loss:0.040 grdn:3.175 lr:1.0e-05 updt_s:0.061 data_s:0.002
INFO 2025-12-06 21:55:00 ot_train.py:351 step:80K smpl:640K ep:1K epch:34.44 loss:0.041 grdn:3.121 lr:1.0e-05 updt_s:0.061 data_s:0.002
INFO 2025-12-06 21:55:00 ot_train.py:361 Checkpoint policy after step 80000
INFO 2025-12-06 21:55:14 ot_train.py:351 step:80K smpl:642K ep:1K epch:34.53 loss:0.040 grdn:3.199 lr:1.0e-05 updt_s:0.062 data_s:0.002
INFO 2025-12-06 21:55:26 ot_train.py:351 step:80K smpl:643K ep:1K epch:34.62 loss:0.040 grdn:3.061 lr:1.0e-05 updt_s:0.061 data_s:0.002
INFO 2025-12-06 21:55:39 ot_train.py:351 step:81K smpl:645K ep:1K epch:34.70 loss:0.041 grdn:3.291 lr:1.0e-05 updt_s:0.061 data_s:0.002
INFO 2025-12-06 21:55:52 ot_train.py:351 step:81K smpl:646K ep:1K epch:34.79 loss:0.040 grdn:3.177 lr:1.0e-05 updt_s:0.061 data_s:0.002
INFO 2025-12-06 21:56:04 ot_train.py:351 step:81K smpl:648K ep:1K epch:34.87 loss:0.040 grdn:3.255 lr:1.0e-05 updt_s:0.062 data_s:0.002
INFO 2025-12-06 21:56:17 ot_train.py:351 step:81K smpl:650K ep:1K epch:34.96 loss:0.040 grdn:3.171 lr:1.0e-05 updt_s:0.061 data_s:0.002
INFO 2025-12-06 21:56:32 ot_train.py:351 step:81K smpl:651K ep:1K epch:35.05 loss:0.040 grdn:3.241 lr:1.0e-05 updt_s:0.062 data_s:0.015
INFO 2025-12-06 21:56:45 ot_train.py:351 step:82K smpl:653K ep:1K epch:35.13 loss:0.040 grdn:3.258 lr:1.0e-05 updt_s:0.061 data_s:0.002
INFO 2025-12-06 21:56:58 ot_train.py:351 step:82K smpl:654K ep:1K epch:35.22 loss:0.040 grdn:3.177 lr:1.0e-05 updt_s:0.061 data_s:0.002
INFO 2025-12-06 21:57:11 ot_train.py:351 step:82K smpl:656K ep:1K epch:35.30 loss:0.041 grdn:3.199 lr:1.0e-05 updt_s:0.062 data_s:0.002
INFO 2025-12-06 21:57:23 ot_train.py:351 step:82K smpl:658K ep:1K epch:35.39 loss:0.040 grdn:3.205 lr:1.0e-05 updt_s:0.061 data_s:0.002
INFO 2025-12-06 21:57:36 ot_train.py:351 step:82K smpl:659K ep:1K epch:35.48 loss:0.040 grdn:3.131 lr:1.0e-05 updt_s:0.062 data_s:0.002
INFO 2025-12-06 21:57:49 ot_train.py:351 step:83K smpl:661K ep:1K epch:35.56 loss:0.040 grdn:3.106 lr:1.0e-05 updt_s:0.061 data_s:0.002
INFO 2025-12-06 21:58:02 ot_train.py:351 step:83K smpl:662K ep:1K epch:35.65 loss:0.040 grdn:3.269 lr:1.0e-05 updt_s:0.061 data_s:0.002
INFO 2025-12-06 21:58:14 ot_train.py:351 step:83K smpl:664K ep:1K epch:35.74 loss:0.039 grdn:3.071 lr:1.0e-05 updt_s:0.061 data_s:0.002
INFO 2025-12-06 21:58:27 ot_train.py:351 step:83K smpl:666K ep:1K epch:35.82 loss:0.040 grdn:3.093 lr:1.0e-05 updt_s:0.061 data_s:0.002
INFO 2025-12-06 21:58:40 ot_train.py:351 step:83K smpl:667K ep:1K epch:35.91 loss:0.040 grdn:3.222 lr:1.0e-05 updt_s:0.061 data_s:0.002
INFO 2025-12-06 21:58:52 ot_train.py:351 step:84K smpl:669K ep:1K epch:35.99 loss:0.040 grdn:3.066 lr:1.0e-05 updt_s:0.061 data_s:0.002
INFO 2025-12-06 21:59:08 ot_train.py:351 step:84K smpl:670K ep:1K epch:36.08 loss:0.039 grdn:3.062 lr:1.0e-05 updt_s:0.062 data_s:0.014
INFO 2025-12-06 21:59:20 ot_train.py:351 step:84K smpl:672K ep:1K epch:36.17 loss:0.039 grdn:3.202 lr:1.0e-05 updt_s:0.061 data_s:0.002
INFO 2025-12-06 21:59:33 ot_train.py:351 step:84K smpl:674K ep:1K epch:36.25 loss:0.039 grdn:3.175 lr:1.0e-05 updt_s:0.061 data_s:0.002
INFO 2025-12-06 21:59:46 ot_train.py:351 step:84K smpl:675K ep:1K epch:36.34 loss:0.039 grdn:3.103 lr:1.0e-05 updt_s:0.061 data_s:0.002
INFO 2025-12-06 21:59:58 ot_train.py:351 step:85K smpl:677K ep:1K epch:36.42 loss:0.040 grdn:3.149 lr:1.0e-05 updt_s:0.061 data_s:0.002
INFO 2025-12-06 22:00:11 ot_train.py:351 step:85K smpl:678K ep:1K epch:36.51 loss:0.039 grdn:3.075 lr:1.0e-05 updt_s:0.061 data_s:0.002
INFO 2025-12-06 22:00:24 ot_train.py:351 step:85K smpl:680K ep:1K epch:36.60 loss:0.040 grdn:3.200 lr:1.0e-05 updt_s:0.061 data_s:0.002
INFO 2025-12-06 22:00:37 ot_train.py:351 step:85K smpl:682K ep:1K epch:36.68 loss:0.039 grdn:3.082 lr:1.0e-05 updt_s:0.061 data_s:0.002
INFO 2025-12-06 22:00:49 ot_train.py:351 step:85K smpl:683K ep:1K epch:36.77 loss:0.039 grdn:3.229 lr:1.0e-05 updt_s:0.061 data_s:0.002
INFO 2025-12-06 22:01:02 ot_train.py:351 step:86K smpl:685K ep:1K epch:36.85 loss:0.039 grdn:3.040 lr:1.0e-05 updt_s:0.061 data_s:0.002
INFO 2025-12-06 22:01:15 ot_train.py:351 step:86K smpl:686K ep:1K epch:36.94 loss:0.040 grdn:3.186 lr:1.0e-05 updt_s:0.061 data_s:0.002
INFO 2025-12-06 22:01:30 ot_train.py:351 step:86K smpl:688K ep:1K epch:37.03 loss:0.040 grdn:3.095 lr:1.0e-05 updt_s:0.061 data_s:0.015
INFO 2025-12-06 22:01:43 ot_train.py:351 step:86K smpl:690K ep:1K epch:37.11 loss:0.038 grdn:3.091 lr:1.0e-05 updt_s:0.061 data_s:0.002
INFO 2025-12-06 22:01:55 ot_train.py:351 step:86K smpl:691K ep:1K epch:37.20 loss:0.039 grdn:3.094 lr:1.0e-05 updt_s:0.062 data_s:0.002
INFO 2025-12-06 22:02:08 ot_train.py:351 step:87K smpl:693K ep:1K epch:37.29 loss:0.039 grdn:3.155 lr:1.0e-05 updt_s:0.061 data_s:0.002
INFO 2025-12-06 22:02:21 ot_train.py:351 step:87K smpl:694K ep:1K epch:37.37 loss:0.039 grdn:3.085 lr:1.0e-05 updt_s:0.061 data_s:0.002
INFO 2025-12-06 22:02:34 ot_train.py:351 step:87K smpl:696K ep:1K epch:37.46 loss:0.039 grdn:3.096 lr:1.0e-05 updt_s:0.061 data_s:0.002
INFO 2025-12-06 22:02:46 ot_train.py:351 step:87K smpl:698K ep:1K epch:37.54 loss:0.039 grdn:3.096 lr:1.0e-05 updt_s:0.061 data_s:0.002
INFO 2025-12-06 22:02:59 ot_train.py:351 step:87K smpl:699K ep:1K epch:37.63 loss:0.039 grdn:3.153 lr:1.0e-05 updt_s:0.061 data_s:0.002
INFO 2025-12-06 22:03:12 ot_train.py:351 step:88K smpl:701K ep:1K epch:37.72 loss:0.039 grdn:3.064 lr:1.0e-05 updt_s:0.061 data_s:0.002
INFO 2025-12-06 22:03:24 ot_train.py:351 step:88K smpl:702K ep:1K epch:37.80 loss:0.039 grdn:3.055 lr:1.0e-05 updt_s:0.062 data_s:0.002
INFO 2025-12-06 22:03:37 ot_train.py:351 step:88K smpl:704K ep:1K epch:37.89 loss:0.039 grdn:3.156 lr:1.0e-05 updt_s:0.061 data_s:0.002
INFO 2025-12-06 22:03:50 ot_train.py:351 step:88K smpl:706K ep:1K epch:37.97 loss:0.038 grdn:3.035 lr:1.0e-05 updt_s:0.061 data_s:0.002
INFO 2025-12-06 22:04:05 ot_train.py:351 step:88K smpl:707K ep:1K epch:38.06 loss:0.039 grdn:3.221 lr:1.0e-05 updt_s:0.062 data_s:0.015
INFO 2025-12-06 22:04:18 ot_train.py:351 step:89K smpl:709K ep:1K epch:38.15 loss:0.038 grdn:3.106 lr:1.0e-05 updt_s:0.061 data_s:0.002
INFO 2025-12-06 22:04:31 ot_train.py:351 step:89K smpl:710K ep:1K epch:38.23 loss:0.038 grdn:3.000 lr:1.0e-05 updt_s:0.062 data_s:0.002
INFO 2025-12-06 22:04:43 ot_train.py:351 step:89K smpl:712K ep:1K epch:38.32 loss:0.037 grdn:2.957 lr:1.0e-05 updt_s:0.061 data_s:0.002
INFO 2025-12-06 22:04:56 ot_train.py:351 step:89K smpl:714K ep:1K epch:38.40 loss:0.038 grdn:2.989 lr:1.0e-05 updt_s:0.061 data_s:0.002
INFO 2025-12-06 22:05:09 ot_train.py:351 step:89K smpl:715K ep:1K epch:38.49 loss:0.038 grdn:3.204 lr:1.0e-05 updt_s:0.061 data_s:0.002
INFO 2025-12-06 22:05:22 ot_train.py:351 step:90K smpl:717K ep:1K epch:38.58 loss:0.038 grdn:2.992 lr:1.0e-05 updt_s:0.062 data_s:0.002
INFO 2025-12-06 22:05:34 ot_train.py:351 step:90K smpl:718K ep:1K epch:38.66 loss:0.038 grdn:3.012 lr:1.0e-05 updt_s:0.061 data_s:0.002
INFO 2025-12-06 22:05:47 ot_train.py:351 step:90K smpl:720K ep:1K epch:38.75 loss:0.038 grdn:3.085 lr:1.0e-05 updt_s:0.061 data_s:0.002
INFO 2025-12-06 22:06:00 ot_train.py:351 step:90K smpl:722K ep:1K epch:38.84 loss:0.039 grdn:2.988 lr:1.0e-05 updt_s:0.061 data_s:0.002
INFO 2025-12-06 22:06:12 ot_train.py:351 step:90K smpl:723K ep:1K epch:38.92 loss:0.038 grdn:2.949 lr:1.0e-05 updt_s:0.061 data_s:0.002
INFO 2025-12-06 22:06:27 ot_train.py:351 step:91K smpl:725K ep:1K epch:39.01 loss:0.038 grdn:2.992 lr:1.0e-05 updt_s:0.061 data_s:0.014
INFO 2025-12-06 22:06:40 ot_train.py:351 step:91K smpl:726K ep:1K epch:39.09 loss:0.038 grdn:3.001 lr:1.0e-05 updt_s:0.062 data_s:0.002
INFO 2025-12-06 22:06:53 ot_train.py:351 step:91K smpl:728K ep:1K epch:39.18 loss:0.037 grdn:3.067 lr:1.0e-05 updt_s:0.061 data_s:0.002
INFO 2025-12-06 22:07:06 ot_train.py:351 step:91K smpl:730K ep:1K epch:39.27 loss:0.038 grdn:3.041 lr:1.0e-05 updt_s:0.061 data_s:0.002
INFO 2025-12-06 22:07:18 ot_train.py:351 step:91K smpl:731K ep:1K epch:39.35 loss:0.038 grdn:2.968 lr:1.0e-05 updt_s:0.062 data_s:0.002
INFO 2025-12-06 22:07:31 ot_train.py:351 step:92K smpl:733K ep:1K epch:39.44 loss:0.038 grdn:3.012 lr:1.0e-05 updt_s:0.061 data_s:0.002
INFO 2025-12-06 22:07:44 ot_train.py:351 step:92K smpl:734K ep:1K epch:39.52 loss:0.037 grdn:3.008 lr:1.0e-05 updt_s:0.061 data_s:0.002
INFO 2025-12-06 22:07:56 ot_train.py:351 step:92K smpl:736K ep:1K epch:39.61 loss:0.038 grdn:2.878 lr:1.0e-05 updt_s:0.061 data_s:0.002
INFO 2025-12-06 22:08:09 ot_train.py:351 step:92K smpl:738K ep:1K epch:39.70 loss:0.038 grdn:3.012 lr:1.0e-05 updt_s:0.062 data_s:0.002
INFO 2025-12-06 22:08:22 ot_train.py:351 step:92K smpl:739K ep:1K epch:39.78 loss:0.038 grdn:3.130 lr:1.0e-05 updt_s:0.061 data_s:0.002
INFO 2025-12-06 22:08:35 ot_train.py:351 step:93K smpl:741K ep:1K epch:39.87 loss:0.037 grdn:3.096 lr:1.0e-05 updt_s:0.061 data_s:0.002
INFO 2025-12-06 22:08:47 ot_train.py:351 step:93K smpl:742K ep:1K epch:39.95 loss:0.038 grdn:2.882 lr:1.0e-05 updt_s:0.061 data_s:0.002
INFO 2025-12-06 22:09:03 ot_train.py:351 step:93K smpl:744K ep:1K epch:40.04 loss:0.038 grdn:3.062 lr:1.0e-05 updt_s:0.061 data_s:0.015
INFO 2025-12-06 22:09:15 ot_train.py:351 step:93K smpl:746K ep:1K epch:40.13 loss:0.037 grdn:2.913 lr:1.0e-05 updt_s:0.061 data_s:0.002
INFO 2025-12-06 22:09:28 ot_train.py:351 step:93K smpl:747K ep:1K epch:40.21 loss:0.036 grdn:2.973 lr:1.0e-05 updt_s:0.062 data_s:0.002
INFO 2025-12-06 22:09:41 ot_train.py:351 step:94K smpl:749K ep:1K epch:40.30 loss:0.037 grdn:3.096 lr:1.0e-05 updt_s:0.061 data_s:0.002
INFO 2025-12-06 22:09:54 ot_train.py:351 step:94K smpl:750K ep:1K epch:40.39 loss:0.037 grdn:2.975 lr:1.0e-05 updt_s:0.061 data_s:0.002
INFO 2025-12-06 22:10:06 ot_train.py:351 step:94K smpl:752K ep:1K epch:40.47 loss:0.037 grdn:2.947 lr:1.0e-05 updt_s:0.062 data_s:0.002
INFO 2025-12-06 22:10:19 ot_train.py:351 step:94K smpl:754K ep:1K epch:40.56 loss:0.038 grdn:3.088 lr:1.0e-05 updt_s:0.061 data_s:0.002
INFO 2025-12-06 22:10:32 ot_train.py:351 step:94K smpl:755K ep:1K epch:40.64 loss:0.037 grdn:3.018 lr:1.0e-05 updt_s:0.061 data_s:0.002
INFO 2025-12-06 22:10:44 ot_train.py:351 step:95K smpl:757K ep:1K epch:40.73 loss:0.038 grdn:2.940 lr:1.0e-05 updt_s:0.061 data_s:0.002
INFO 2025-12-06 22:10:57 ot_train.py:351 step:95K smpl:758K ep:1K epch:40.82 loss:0.038 grdn:2.931 lr:1.0e-05 updt_s:0.061 data_s:0.002
INFO 2025-12-06 22:11:10 ot_train.py:351 step:95K smpl:760K ep:1K epch:40.90 loss:0.037 grdn:2.980 lr:1.0e-05 updt_s:0.061 data_s:0.002
INFO 2025-12-06 22:11:23 ot_train.py:351 step:95K smpl:762K ep:1K epch:40.99 loss:0.037 grdn:2.830 lr:1.0e-05 updt_s:0.061 data_s:0.002
INFO 2025-12-06 22:11:38 ot_train.py:351 step:95K smpl:763K ep:1K epch:41.07 loss:0.037 grdn:2.997 lr:1.0e-05 updt_s:0.062 data_s:0.015
INFO 2025-12-06 22:11:51 ot_train.py:351 step:96K smpl:765K ep:1K epch:41.16 loss:0.037 grdn:3.021 lr:1.0e-05 updt_s:0.061 data_s:0.002
INFO 2025-12-06 22:12:04 ot_train.py:351 step:96K smpl:766K ep:1K epch:41.25 loss:0.037 grdn:3.113 lr:1.0e-05 updt_s:0.062 data_s:0.002
INFO 2025-12-06 22:12:16 ot_train.py:351 step:96K smpl:768K ep:1K epch:41.33 loss:0.037 grdn:2.996 lr:1.0e-05 updt_s:0.061 data_s:0.002
INFO 2025-12-06 22:12:29 ot_train.py:351 step:96K smpl:770K ep:1K epch:41.42 loss:0.036 grdn:2.933 lr:1.0e-05 updt_s:0.061 data_s:0.002
INFO 2025-12-06 22:12:41 ot_train.py:351 step:96K smpl:771K ep:1K epch:41.50 loss:0.036 grdn:2.958 lr:1.0e-05 updt_s:0.061 data_s:0.002
INFO 2025-12-06 22:12:54 ot_train.py:351 step:97K smpl:773K ep:1K epch:41.59 loss:0.037 grdn:2.904 lr:1.0e-05 updt_s:0.061 data_s:0.002
INFO 2025-12-06 22:13:07 ot_train.py:351 step:97K smpl:774K ep:1K epch:41.68 loss:0.038 grdn:2.966 lr:1.0e-05 updt_s:0.061 data_s:0.002
INFO 2025-12-06 22:13:20 ot_train.py:351 step:97K smpl:776K ep:1K epch:41.76 loss:0.037 grdn:2.869 lr:1.0e-05 updt_s:0.061 data_s:0.002
INFO 2025-12-06 22:13:32 ot_train.py:351 step:97K smpl:778K ep:1K epch:41.85 loss:0.037 grdn:2.947 lr:1.0e-05 updt_s:0.062 data_s:0.002
INFO 2025-12-06 22:13:45 ot_train.py:351 step:97K smpl:779K ep:1K epch:41.94 loss:0.037 grdn:2.988 lr:1.0e-05 updt_s:0.061 data_s:0.002
INFO 2025-12-06 22:14:00 ot_train.py:351 step:98K smpl:781K ep:1K epch:42.02 loss:0.036 grdn:2.901 lr:1.0e-05 updt_s:0.061 data_s:0.015
INFO 2025-12-06 22:14:13 ot_train.py:351 step:98K smpl:782K ep:1K epch:42.11 loss:0.037 grdn:2.958 lr:1.0e-05 updt_s:0.061 data_s:0.002
INFO 2025-12-06 22:14:26 ot_train.py:351 step:98K smpl:784K ep:1K epch:42.19 loss:0.037 grdn:2.911 lr:1.0e-05 updt_s:0.061 data_s:0.002
INFO 2025-12-06 22:14:38 ot_train.py:351 step:98K smpl:786K ep:1K epch:42.28 loss:0.036 grdn:2.936 lr:1.0e-05 updt_s:0.061 data_s:0.002
INFO 2025-12-06 22:14:51 ot_train.py:351 step:98K smpl:787K ep:1K epch:42.37 loss:0.035 grdn:2.873 lr:1.0e-05 updt_s:0.061 data_s:0.002
INFO 2025-12-06 22:15:04 ot_train.py:351 step:99K smpl:789K ep:1K epch:42.45 loss:0.037 grdn:2.840 lr:1.0e-05 updt_s:0.061 data_s:0.002
INFO 2025-12-06 22:15:17 ot_train.py:351 step:99K smpl:790K ep:1K epch:42.54 loss:0.036 grdn:2.839 lr:1.0e-05 updt_s:0.061 data_s:0.002
INFO 2025-12-06 22:15:29 ot_train.py:351 step:99K smpl:792K ep:1K epch:42.62 loss:0.036 grdn:2.923 lr:1.0e-05 updt_s:0.061 data_s:0.002
INFO 2025-12-06 22:15:42 ot_train.py:351 step:99K smpl:794K ep:1K epch:42.71 loss:0.037 grdn:2.949 lr:1.0e-05 updt_s:0.061 data_s:0.002
INFO 2025-12-06 22:15:55 ot_train.py:351 step:99K smpl:795K ep:1K epch:42.80 loss:0.037 grdn:2.925 lr:1.0e-05 updt_s:0.061 data_s:0.002
INFO 2025-12-06 22:16:07 ot_train.py:351 step:100K smpl:797K ep:2K epch:42.88 loss:0.036 grdn:2.885 lr:1.0e-05 updt_s:0.061 data_s:0.002
INFO 2025-12-06 22:16:20 ot_train.py:351 step:100K smpl:798K ep:2K epch:42.97 loss:0.036 grdn:2.823 lr:1.0e-05 updt_s:0.061 data_s:0.002
INFO 2025-12-06 22:16:35 ot_train.py:351 step:100K smpl:800K ep:2K epch:43.05 loss:0.036 grdn:2.858 lr:1.0e-05 updt_s:0.061 data_s:0.014
INFO 2025-12-06 22:16:35 ot_train.py:361 Checkpoint policy after step 100000
INFO 2025-12-06 22:16:36 ot_train.py:430 End of training
